[0m00:48:48.764074 [debug] [MainThread]: Sending event: {'category': 'dbt', 'action': 'invocation', 'label': 'start', 'context': [<snowplow_tracker.self_describing_json.SelfDescribingJson object at 0x000002D5BC219880>, <snowplow_tracker.self_describing_json.SelfDescribingJson object at 0x000002D5BC2197C0>, <snowplow_tracker.self_describing_json.SelfDescribingJson object at 0x000002D5BC219790>]}


============================== 00:48:48.788872 | 6128486d-1ee4-434e-bca4-4d10afed72ba ==============================
[0m00:48:48.788872 [info ] [MainThread]: Running with dbt=1.11.8
[0m00:48:48.790866 [debug] [MainThread]: running dbt with arguments {'version_check': 'True', 'no_print': 'None', 'static_parser': 'True', 'target_path': 'None', 'warn_error_options': 'WarnErrorOptionsV2(error=[], warn=[], silence=[])', 'printer_width': '80', 'write_json': 'True', 'empty': 'None', 'log_cache_events': 'False', 'introspect': 'True', 'cache_selected_only': 'False', 'fail_fast': 'False', 'debug': 'False', 'log_format': 'default', 'profiles_dir': 'C:\\Users\\labul\\OneDrive\\Documents\\Preparation\\Projects\\Data_Engineering\\dbt_lineage\\dbt_project', 'send_anonymous_usage_stats': 'True', 'quiet': 'False', 'warn_error': 'None', 'partial_parse': 'True', 'use_colors': 'True', 'invocation_command': 'dbt debug', 'indirect_selection': 'eager', 'use_experimental_parser': 'False', 'log_path': 'C:\\Users\\labul\\OneDrive\\Documents\\Preparation\\Projects\\Data_Engineering\\dbt_lineage\\dbt_project\\logs'}
[0m00:48:48.817299 [info ] [MainThread]: dbt version: 1.11.8
[0m00:48:48.817299 [info ] [MainThread]: python version: 3.12.5
[0m00:48:48.818278 [info ] [MainThread]: python path: C:\Users\labul\OneDrive\Documents\Preparation\Projects\Data_Engineering\dbt_lineage\dbt_project\.venv\Scripts\python.exe
[0m00:48:48.818278 [info ] [MainThread]: os info: Windows-11-10.0.26200-SP0
[0m00:48:49.236686 [info ] [MainThread]: Using profiles dir at C:\Users\labul\OneDrive\Documents\Preparation\Projects\Data_Engineering\dbt_lineage\dbt_project
[0m00:48:49.236686 [info ] [MainThread]: Using profiles.yml file at C:\Users\labul\OneDrive\Documents\Preparation\Projects\Data_Engineering\dbt_lineage\dbt_project\profiles.yml
[0m00:48:49.238686 [info ] [MainThread]: Using dbt_project.yml file at C:\Users\labul\OneDrive\Documents\Preparation\Projects\Data_Engineering\dbt_lineage\dbt_project\dbt_project.yml
[0m00:48:49.277317 [info ] [MainThread]: adapter type: duckdb
[0m00:48:49.277317 [info ] [MainThread]: adapter version: 1.10.1
[0m00:48:49.349250 [info ] [MainThread]: Configuration:
[0m00:48:49.349250 [info ] [MainThread]:   profiles.yml file [[32mOK found and valid[0m]
[0m00:48:49.349250 [info ] [MainThread]:   dbt_project.yml file [[32mOK found and valid[0m]
[0m00:48:49.349250 [info ] [MainThread]: Required dependencies:
[0m00:48:49.350252 [debug] [MainThread]: Executing "git --help"
[0m00:48:49.358346 [debug] [MainThread]: STDOUT: "b"usage: git [-v | --version] [-h | --help] [-C <path>] [-c <name>=<value>]\n           [--exec-path[=<path>]] [--html-path] [--man-path] [--info-path]\n           [-p | --paginate | -P | --no-pager] [--no-replace-objects] [--no-lazy-fetch]\n           [--no-optional-locks] [--no-advice] [--bare] [--git-dir=<path>]\n           [--work-tree=<path>] [--namespace=<name>] [--config-env=<name>=<envvar>]\n           <command> [<args>]\n\nThese are common Git commands used in various situations:\n\nstart a working area (see also: git help tutorial)\n   clone     Clone a repository into a new directory\n   init      Create an empty Git repository or reinitialize an existing one\n\nwork on the current change (see also: git help everyday)\n   add       Add file contents to the index\n   mv        Move or rename a file, a directory, or a symlink\n   restore   Restore working tree files\n   rm        Remove files from the working tree and from the index\n\nexamine the history and state (see also: git help revisions)\n   bisect    Use binary search to find the commit that introduced a bug\n   diff      Show changes between commits, commit and working tree, etc\n   grep      Print lines matching a pattern\n   log       Show commit logs\n   show      Show various types of objects\n   status    Show the working tree status\n\ngrow, mark and tweak your common history\n   branch    List, create, or delete branches\n   commit    Record changes to the repository\n   merge     Join two or more development histories together\n   rebase    Reapply commits on top of another base tip\n   reset     Reset current HEAD to the specified state\n   switch    Switch branches\n   tag       Create, list, delete or verify a tag object signed with GPG\n\ncollaborate (see also: git help workflows)\n   fetch     Download objects and refs from another repository\n   pull      Fetch from and integrate with another repository or a local branch\n   push      Update remote refs along with associated objects\n\n'git help -a' and 'git help -g' list available subcommands and some\nconcept guides. See 'git help <command>' or 'git help <concept>'\nto read about a specific subcommand or concept.\nSee 'git help git' for an overview of the system.\n""
[0m00:48:49.358346 [debug] [MainThread]: STDERR: "b''"
[0m00:48:49.358346 [info ] [MainThread]:  - git [[32mOK found[0m]

[0m00:48:49.358346 [info ] [MainThread]: Connection:
[0m00:48:49.358346 [info ] [MainThread]:   database: dummy
[0m00:48:49.358346 [info ] [MainThread]:   schema: main
[0m00:48:49.358346 [info ] [MainThread]:   path: dummy.duckdb
[0m00:48:49.358346 [info ] [MainThread]:   config_options: None
[0m00:48:49.358346 [info ] [MainThread]:   extensions: None
[0m00:48:49.358346 [info ] [MainThread]:   settings: {}
[0m00:48:49.358346 [info ] [MainThread]:   external_root: .
[0m00:48:49.358346 [info ] [MainThread]:   use_credential_provider: None
[0m00:48:49.358346 [info ] [MainThread]:   attach: None
[0m00:48:49.358346 [info ] [MainThread]:   filesystems: None
[0m00:48:49.358346 [info ] [MainThread]:   remote: None
[0m00:48:49.358346 [info ] [MainThread]:   plugins: None
[0m00:48:49.358346 [info ] [MainThread]:   disable_transactions: False
[0m00:48:49.358346 [info ] [MainThread]: Registered adapter: duckdb=1.10.1
[0m00:48:49.493317 [debug] [MainThread]: Acquiring new duckdb connection 'debug'
[0m00:48:56.657652 [debug] [MainThread]: Using duckdb connection "debug"
[0m00:48:56.657652 [debug] [MainThread]: On debug: select 1 as id
[0m00:48:56.657652 [debug] [MainThread]: Opening a new connection, currently in state init
[0m00:48:56.691606 [debug] [MainThread]: SQL status: OK in 0.030 seconds
[0m00:48:56.692685 [debug] [MainThread]: On debug: Close
[0m00:48:56.692685 [info ] [MainThread]:   Connection test: [[32mOK connection ok[0m]

[0m00:48:56.692685 [info ] [MainThread]: [32mAll checks passed![0m
[0m00:48:56.693688 [debug] [MainThread]: Command `dbt debug` succeeded at 00:48:56.693688 after 8.13 seconds
[0m00:48:56.693688 [debug] [MainThread]: Connection 'debug' was properly closed.
[0m00:48:56.694783 [debug] [MainThread]: Sending event: {'category': 'dbt', 'action': 'invocation', 'label': 'end', 'context': [<snowplow_tracker.self_describing_json.SelfDescribingJson object at 0x000002D5BBB7DAC0>, <snowplow_tracker.self_describing_json.SelfDescribingJson object at 0x000002D5BDD5AB40>, <snowplow_tracker.self_describing_json.SelfDescribingJson object at 0x000002D5BC50E2D0>]}
[0m00:48:56.694783 [debug] [MainThread]: Flushing usage events
[0m00:48:58.052486 [debug] [MainThread]: An error was encountered while trying to flush usage events
[0m00:49:04.842965 [debug] [MainThread]: Sending event: {'category': 'dbt', 'action': 'invocation', 'label': 'start', 'context': [<snowplow_tracker.self_describing_json.SelfDescribingJson object at 0x000002683B5967B0>, <snowplow_tracker.self_describing_json.SelfDescribingJson object at 0x0000026837E11730>, <snowplow_tracker.self_describing_json.SelfDescribingJson object at 0x000002683AADA3C0>]}


============================== 00:49:04.848237 | 398effbe-0e85-466c-929b-627bad24dc2e ==============================
[0m00:49:04.848237 [info ] [MainThread]: Running with dbt=1.11.8
[0m00:49:04.848237 [debug] [MainThread]: running dbt with arguments {'static_parser': 'True', 'no_print': 'None', 'version_check': 'True', 'target_path': 'None', 'warn_error_options': 'WarnErrorOptionsV2(error=[], warn=[], silence=[])', 'printer_width': '80', 'write_json': 'True', 'empty': 'False', 'log_cache_events': 'False', 'introspect': 'True', 'cache_selected_only': 'False', 'fail_fast': 'False', 'debug': 'False', 'log_format': 'default', 'profiles_dir': 'C:\\Users\\labul\\OneDrive\\Documents\\Preparation\\Projects\\Data_Engineering\\dbt_lineage\\dbt_project', 'send_anonymous_usage_stats': 'True', 'quiet': 'False', 'warn_error': 'None', 'partial_parse': 'True', 'use_colors': 'True', 'indirect_selection': 'eager', 'invocation_command': 'dbt compile', 'use_experimental_parser': 'False', 'log_path': 'C:\\Users\\labul\\OneDrive\\Documents\\Preparation\\Projects\\Data_Engineering\\dbt_lineage\\dbt_project\\logs'}
[0m00:49:05.139005 [debug] [MainThread]: Sending event: {'category': 'dbt', 'action': 'project_id', 'label': '398effbe-0e85-466c-929b-627bad24dc2e', 'context': [<snowplow_tracker.self_describing_json.SelfDescribingJson object at 0x000002683AECA4B0>]}
[0m00:49:05.203362 [debug] [MainThread]: Sending event: {'category': 'dbt', 'action': 'adapter_info', 'label': '398effbe-0e85-466c-929b-627bad24dc2e', 'context': [<snowplow_tracker.self_describing_json.SelfDescribingJson object at 0x000002683B53E240>]}
[0m00:49:05.205368 [info ] [MainThread]: Registered adapter: duckdb=1.10.1
[0m00:49:05.387016 [debug] [MainThread]: checksum: 7d524ac048c2100769df89d592e662e060a73ca564e31bd9c2a37efdfe8d8ab6, vars: {}, profile: , target: , version: 1.11.8
[0m00:49:05.387016 [info ] [MainThread]: Unable to do partial parsing because saved manifest not found. Starting full parse.
[0m00:49:05.387016 [debug] [MainThread]: Sending event: {'category': 'dbt', 'action': 'partial_parser', 'label': '398effbe-0e85-466c-929b-627bad24dc2e', 'context': [<snowplow_tracker.self_describing_json.SelfDescribingJson object at 0x000002683D11E270>]}
[0m00:49:05.401520 [error] [MainThread]: Encountered an error:
Parsing Error
  Error reading dummy_project: sources.yml - Runtime Error
    Syntax error near line 2
    ------------------------------
    1  | -- sources.yml
    2  | version: 2
    3  | sources:
    4  |   - name: raw
    5  |     tables:
    
    Raw Error:
    ------------------------------
    mapping values are not allowed in this context
      in "<unicode string>", line 2, column 8
[0m00:49:05.403108 [debug] [MainThread]: Command `dbt compile` failed at 00:49:05.403108 after 0.76 seconds
[0m00:49:05.404187 [debug] [MainThread]: Sending event: {'category': 'dbt', 'action': 'invocation', 'label': 'end', 'context': [<snowplow_tracker.self_describing_json.SelfDescribingJson object at 0x000002683B60F920>, <snowplow_tracker.self_describing_json.SelfDescribingJson object at 0x000002683CBD9820>, <snowplow_tracker.self_describing_json.SelfDescribingJson object at 0x000002683CE33860>]}
[0m00:49:05.404187 [debug] [MainThread]: Flushing usage events
[0m00:49:06.633481 [debug] [MainThread]: An error was encountered while trying to flush usage events
[0m00:49:15.208954 [debug] [MainThread]: Sending event: {'category': 'dbt', 'action': 'invocation', 'label': 'start', 'context': [<snowplow_tracker.self_describing_json.SelfDescribingJson object at 0x000001CB3429A5A0>, <snowplow_tracker.self_describing_json.SelfDescribingJson object at 0x000001CB3370F4D0>, <snowplow_tracker.self_describing_json.SelfDescribingJson object at 0x000001CB33A9B680>]}


============================== 00:49:15.213031 | 3eae4f42-638a-401f-9944-1c43e745bd70 ==============================
[0m00:49:15.213031 [info ] [MainThread]: Running with dbt=1.11.8
[0m00:49:15.214057 [debug] [MainThread]: running dbt with arguments {'version_check': 'True', 'no_print': 'None', 'static_parser': 'True', 'target_path': 'None', 'warn_error_options': 'WarnErrorOptionsV2(error=[], warn=[], silence=[])', 'printer_width': '80', 'write_json': 'True', 'introspect': 'True', 'log_cache_events': 'False', 'empty': 'False', 'cache_selected_only': 'False', 'log_format': 'default', 'debug': 'False', 'fail_fast': 'False', 'partial_parse': 'True', 'send_anonymous_usage_stats': 'True', 'quiet': 'False', 'warn_error': 'None', 'profiles_dir': 'C:\\Users\\labul\\OneDrive\\Documents\\Preparation\\Projects\\Data_Engineering\\dbt_lineage\\dbt_project', 'indirect_selection': 'eager', 'use_colors': 'True', 'invocation_command': 'dbt compile', 'use_experimental_parser': 'False', 'log_path': 'C:\\Users\\labul\\OneDrive\\Documents\\Preparation\\Projects\\Data_Engineering\\dbt_lineage\\dbt_project\\logs'}
[0m00:49:15.357834 [debug] [MainThread]: Sending event: {'category': 'dbt', 'action': 'project_id', 'label': '3eae4f42-638a-401f-9944-1c43e745bd70', 'context': [<snowplow_tracker.self_describing_json.SelfDescribingJson object at 0x000001CB357F6FF0>]}
[0m00:49:15.407884 [debug] [MainThread]: Sending event: {'category': 'dbt', 'action': 'adapter_info', 'label': '3eae4f42-638a-401f-9944-1c43e745bd70', 'context': [<snowplow_tracker.self_describing_json.SelfDescribingJson object at 0x000001CB31159C40>]}
[0m00:49:15.409203 [info ] [MainThread]: Registered adapter: duckdb=1.10.1
[0m00:49:15.540687 [debug] [MainThread]: checksum: 7d524ac048c2100769df89d592e662e060a73ca564e31bd9c2a37efdfe8d8ab6, vars: {}, profile: , target: , version: 1.11.8
[0m00:49:15.540687 [info ] [MainThread]: Unable to do partial parsing because saved manifest not found. Starting full parse.
[0m00:49:15.540687 [debug] [MainThread]: Sending event: {'category': 'dbt', 'action': 'partial_parser', 'label': '3eae4f42-638a-401f-9944-1c43e745bd70', 'context': [<snowplow_tracker.self_describing_json.SelfDescribingJson object at 0x000001CB33E31760>]}
[0m00:49:19.418200 [debug] [MainThread]: Sending event: {'category': 'dbt', 'action': 'load_project', 'label': '3eae4f42-638a-401f-9944-1c43e745bd70', 'context': [<snowplow_tracker.self_describing_json.SelfDescribingJson object at 0x000001CB358B71A0>]}
[0m00:49:19.474423 [debug] [MainThread]: Wrote artifact WritableManifest to C:\Users\labul\OneDrive\Documents\Preparation\Projects\Data_Engineering\dbt_lineage\dbt_project\target\manifest.json
[0m00:49:19.519797 [debug] [MainThread]: Wrote artifact SemanticManifest to C:\Users\labul\OneDrive\Documents\Preparation\Projects\Data_Engineering\dbt_lineage\dbt_project\target\semantic_manifest.json
[0m00:49:19.536798 [debug] [MainThread]: Sending event: {'category': 'dbt', 'action': 'resource_counts', 'label': '3eae4f42-638a-401f-9944-1c43e745bd70', 'context': [<snowplow_tracker.self_describing_json.SelfDescribingJson object at 0x000001CB35F6D760>]}
[0m00:49:19.537875 [info ] [MainThread]: Found 13 models, 1 source, 477 macros
[0m00:49:19.538881 [debug] [MainThread]: Sending event: {'category': 'dbt', 'action': 'runnable_timing', 'label': '3eae4f42-638a-401f-9944-1c43e745bd70', 'context': [<snowplow_tracker.self_describing_json.SelfDescribingJson object at 0x000001CB3598E930>]}
[0m00:49:19.542968 [info ] [MainThread]: 
[0m00:49:19.543956 [info ] [MainThread]: Concurrency: 1 threads (target='dev')
[0m00:49:19.544972 [info ] [MainThread]: 
[0m00:49:19.545974 [debug] [MainThread]: Acquiring new duckdb connection 'master'
[0m00:49:19.555570 [debug] [ThreadPool]: Acquiring new duckdb connection 'list_dummy_main'
[0m00:49:19.610238 [debug] [ThreadPool]: Using duckdb connection "list_dummy_main"
[0m00:49:19.610238 [debug] [ThreadPool]: On list_dummy_main: BEGIN
[0m00:49:19.610238 [debug] [ThreadPool]: Opening a new connection, currently in state init
[0m00:49:19.637929 [debug] [ThreadPool]: SQL status: OK in 0.025 seconds
[0m00:49:19.638923 [debug] [ThreadPool]: Using duckdb connection "list_dummy_main"
[0m00:49:19.638923 [debug] [ThreadPool]: On list_dummy_main: /* {"app": "dbt", "dbt_version": "1.11.8", "profile_name": "dummy_profile", "target_name": "dev", "connection_name": "list_dummy_main"} */
select
      'dummy' as database,
      table_name as name,
      table_schema as schema,
      CASE table_type
        WHEN 'BASE TABLE' THEN 'table'
        WHEN 'VIEW' THEN 'view'
        WHEN 'LOCAL TEMPORARY' THEN 'table'
        END as type
    from system.information_schema.tables
    where lower(table_schema) = 'main'
    and lower(table_catalog) = 'dummy'
  
[0m00:49:19.643931 [debug] [ThreadPool]: SQL status: OK in 0.004 seconds
[0m00:49:19.644950 [debug] [ThreadPool]: On list_dummy_main: ROLLBACK
[0m00:49:19.645938 [debug] [ThreadPool]: Failed to rollback 'list_dummy_main'
[0m00:49:19.645938 [debug] [ThreadPool]: On list_dummy_main: Close
[0m00:49:19.646938 [debug] [MainThread]: Sending event: {'category': 'dbt', 'action': 'runnable_timing', 'label': '3eae4f42-638a-401f-9944-1c43e745bd70', 'context': [<snowplow_tracker.self_describing_json.SelfDescribingJson object at 0x000001CB331BC8C0>]}
[0m00:49:19.651939 [debug] [Thread-1 (]: Began running node model.dummy_project.a
[0m00:49:19.651939 [debug] [Thread-1 (]: Acquiring new duckdb connection 'model.dummy_project.a'
[0m00:49:19.651939 [debug] [Thread-1 (]: Began compiling node model.dummy_project.a
[0m00:49:19.661050 [debug] [Thread-1 (]: Writing injected SQL for node "model.dummy_project.a"
[0m00:49:19.666050 [debug] [Thread-1 (]: Began executing node model.dummy_project.a
[0m00:49:19.668054 [debug] [Thread-1 (]: Finished running node model.dummy_project.a
[0m00:49:19.669051 [debug] [Thread-1 (]: Began running node model.dummy_project.level1_base
[0m00:49:19.670051 [debug] [Thread-1 (]: Re-using an available connection from the pool (formerly model.dummy_project.a, now model.dummy_project.level1_base)
[0m00:49:19.670051 [debug] [Thread-1 (]: Began compiling node model.dummy_project.level1_base
[0m00:49:19.673054 [debug] [Thread-1 (]: Writing injected SQL for node "model.dummy_project.level1_base"
[0m00:49:19.674044 [debug] [Thread-1 (]: Began executing node model.dummy_project.level1_base
[0m00:49:19.675044 [debug] [Thread-1 (]: Finished running node model.dummy_project.level1_base
[0m00:49:19.676054 [debug] [Thread-1 (]: Began running node model.dummy_project.level2_b
[0m00:49:19.677051 [debug] [Thread-1 (]: Re-using an available connection from the pool (formerly model.dummy_project.level1_base, now model.dummy_project.level2_b)
[0m00:49:19.678046 [debug] [Thread-1 (]: Began compiling node model.dummy_project.level2_b
[0m00:49:19.682054 [debug] [Thread-1 (]: Writing injected SQL for node "model.dummy_project.level2_b"
[0m00:49:19.684044 [debug] [Thread-1 (]: Began executing node model.dummy_project.level2_b
[0m00:49:19.685045 [debug] [Thread-1 (]: Finished running node model.dummy_project.level2_b
[0m00:49:19.685045 [debug] [Thread-1 (]: Began running node model.dummy_project.level3_b
[0m00:49:19.685045 [debug] [Thread-1 (]: Re-using an available connection from the pool (formerly model.dummy_project.level2_b, now model.dummy_project.level3_b)
[0m00:49:19.685045 [debug] [Thread-1 (]: Began compiling node model.dummy_project.level3_b
[0m00:49:19.685045 [debug] [Thread-1 (]: Writing injected SQL for node "model.dummy_project.level3_b"
[0m00:49:19.685045 [debug] [Thread-1 (]: Began executing node model.dummy_project.level3_b
[0m00:49:19.685045 [debug] [Thread-1 (]: Finished running node model.dummy_project.level3_b
[0m00:49:19.685045 [debug] [Thread-1 (]: Began running node model.dummy_project.level4_b
[0m00:49:19.685045 [debug] [Thread-1 (]: Re-using an available connection from the pool (formerly model.dummy_project.level3_b, now model.dummy_project.level4_b)
[0m00:49:19.685045 [debug] [Thread-1 (]: Began compiling node model.dummy_project.level4_b
[0m00:49:19.685045 [debug] [Thread-1 (]: Writing injected SQL for node "model.dummy_project.level4_b"
[0m00:49:19.700791 [debug] [Thread-1 (]: Began executing node model.dummy_project.level4_b
[0m00:49:19.700791 [debug] [Thread-1 (]: Finished running node model.dummy_project.level4_b
[0m00:49:19.700791 [debug] [Thread-1 (]: Began running node model.dummy_project.level5_b
[0m00:49:19.700791 [debug] [Thread-1 (]: Re-using an available connection from the pool (formerly model.dummy_project.level4_b, now model.dummy_project.level5_b)
[0m00:49:19.700791 [debug] [Thread-1 (]: Began compiling node model.dummy_project.level5_b
[0m00:49:19.703796 [debug] [Thread-1 (]: Writing injected SQL for node "model.dummy_project.level5_b"
[0m00:49:19.703796 [debug] [Thread-1 (]: Began executing node model.dummy_project.level5_b
[0m00:49:19.703796 [debug] [Thread-1 (]: Finished running node model.dummy_project.level5_b
[0m00:49:19.703796 [debug] [Thread-1 (]: Began running node model.dummy_project.src_level1
[0m00:49:19.703796 [debug] [Thread-1 (]: Re-using an available connection from the pool (formerly model.dummy_project.level5_b, now model.dummy_project.src_level1)
[0m00:49:19.703796 [debug] [Thread-1 (]: Began compiling node model.dummy_project.src_level1
[0m00:49:19.703796 [debug] [Thread-1 (]: Writing injected SQL for node "model.dummy_project.src_level1"
[0m00:49:19.713615 [debug] [Thread-1 (]: Began executing node model.dummy_project.src_level1
[0m00:49:19.714451 [debug] [Thread-1 (]: Finished running node model.dummy_project.src_level1
[0m00:49:19.714970 [debug] [Thread-1 (]: Began running node model.dummy_project.b
[0m00:49:19.715689 [debug] [Thread-1 (]: Re-using an available connection from the pool (formerly model.dummy_project.src_level1, now model.dummy_project.b)
[0m00:49:19.715689 [debug] [Thread-1 (]: Began compiling node model.dummy_project.b
[0m00:49:19.719450 [debug] [Thread-1 (]: Writing injected SQL for node "model.dummy_project.b"
[0m00:49:19.719450 [debug] [Thread-1 (]: Began executing node model.dummy_project.b
[0m00:49:19.719450 [debug] [Thread-1 (]: Finished running node model.dummy_project.b
[0m00:49:19.719450 [debug] [Thread-1 (]: Began running node model.dummy_project.level2_a
[0m00:49:19.719450 [debug] [Thread-1 (]: Re-using an available connection from the pool (formerly model.dummy_project.b, now model.dummy_project.level2_a)
[0m00:49:19.719450 [debug] [Thread-1 (]: Began compiling node model.dummy_project.level2_a
[0m00:49:19.727309 [debug] [Thread-1 (]: Writing injected SQL for node "model.dummy_project.level2_a"
[0m00:49:19.728306 [debug] [Thread-1 (]: Began executing node model.dummy_project.level2_a
[0m00:49:19.729303 [debug] [Thread-1 (]: Finished running node model.dummy_project.level2_a
[0m00:49:19.730301 [debug] [Thread-1 (]: Began running node model.dummy_project.level3_a
[0m00:49:19.730301 [debug] [Thread-1 (]: Re-using an available connection from the pool (formerly model.dummy_project.level2_a, now model.dummy_project.level3_a)
[0m00:49:19.731305 [debug] [Thread-1 (]: Began compiling node model.dummy_project.level3_a
[0m00:49:19.735029 [debug] [Thread-1 (]: Writing injected SQL for node "model.dummy_project.level3_a"
[0m00:49:19.737088 [debug] [Thread-1 (]: Began executing node model.dummy_project.level3_a
[0m00:49:19.738082 [debug] [Thread-1 (]: Finished running node model.dummy_project.level3_a
[0m00:49:19.738082 [debug] [Thread-1 (]: Began running node model.dummy_project.extra_branch
[0m00:49:19.739086 [debug] [Thread-1 (]: Re-using an available connection from the pool (formerly model.dummy_project.level3_a, now model.dummy_project.extra_branch)
[0m00:49:19.739086 [debug] [Thread-1 (]: Began compiling node model.dummy_project.extra_branch
[0m00:49:19.741102 [debug] [Thread-1 (]: Writing injected SQL for node "model.dummy_project.extra_branch"
[0m00:49:19.741102 [debug] [Thread-1 (]: Began executing node model.dummy_project.extra_branch
[0m00:49:19.742092 [debug] [Thread-1 (]: Finished running node model.dummy_project.extra_branch
[0m00:49:19.742092 [debug] [Thread-1 (]: Began running node model.dummy_project.level4_a
[0m00:49:19.742092 [debug] [Thread-1 (]: Re-using an available connection from the pool (formerly model.dummy_project.extra_branch, now model.dummy_project.level4_a)
[0m00:49:19.742092 [debug] [Thread-1 (]: Began compiling node model.dummy_project.level4_a
[0m00:49:19.743100 [debug] [Thread-1 (]: Writing injected SQL for node "model.dummy_project.level4_a"
[0m00:49:19.743100 [debug] [Thread-1 (]: Began executing node model.dummy_project.level4_a
[0m00:49:19.743100 [debug] [Thread-1 (]: Finished running node model.dummy_project.level4_a
[0m00:49:19.743100 [debug] [Thread-1 (]: Began running node model.dummy_project.level5_a
[0m00:49:19.743100 [debug] [Thread-1 (]: Re-using an available connection from the pool (formerly model.dummy_project.level4_a, now model.dummy_project.level5_a)
[0m00:49:19.743100 [debug] [Thread-1 (]: Began compiling node model.dummy_project.level5_a
[0m00:49:19.743100 [debug] [Thread-1 (]: Writing injected SQL for node "model.dummy_project.level5_a"
[0m00:49:19.743100 [debug] [Thread-1 (]: Began executing node model.dummy_project.level5_a
[0m00:49:19.743100 [debug] [Thread-1 (]: Finished running node model.dummy_project.level5_a
[0m00:49:19.754973 [debug] [MainThread]: Connection 'master' was properly closed.
[0m00:49:19.754973 [debug] [MainThread]: Connection 'list_dummy_main' was properly closed.
[0m00:49:19.754973 [debug] [MainThread]: Connection 'model.dummy_project.level5_a' was properly closed.
[0m00:49:19.757592 [debug] [MainThread]: Command end result
[0m00:49:19.774304 [debug] [MainThread]: Wrote artifact WritableManifest to C:\Users\labul\OneDrive\Documents\Preparation\Projects\Data_Engineering\dbt_lineage\dbt_project\target\manifest.json
[0m00:49:19.776260 [debug] [MainThread]: Wrote artifact SemanticManifest to C:\Users\labul\OneDrive\Documents\Preparation\Projects\Data_Engineering\dbt_lineage\dbt_project\target\semantic_manifest.json
[0m00:49:19.776260 [debug] [MainThread]: Wrote artifact RunExecutionResult to C:\Users\labul\OneDrive\Documents\Preparation\Projects\Data_Engineering\dbt_lineage\dbt_project\target\run_results.json
[0m00:49:19.776260 [debug] [MainThread]: Command `dbt compile` succeeded at 00:49:19.776260 after 4.74 seconds
[0m00:49:19.776260 [debug] [MainThread]: Sending event: {'category': 'dbt', 'action': 'invocation', 'label': 'end', 'context': [<snowplow_tracker.self_describing_json.SelfDescribingJson object at 0x000001CB3429A5A0>, <snowplow_tracker.self_describing_json.SelfDescribingJson object at 0x000001CB3596A3C0>, <snowplow_tracker.self_describing_json.SelfDescribingJson object at 0x000001CB3426BBC0>]}
[0m00:49:19.776260 [debug] [MainThread]: Flushing usage events
[0m00:49:20.935516 [debug] [MainThread]: An error was encountered while trying to flush usage events
[0m00:54:16.285779 [debug] [MainThread]: Sending event: {'category': 'dbt', 'action': 'invocation', 'label': 'start', 'context': [<snowplow_tracker.self_describing_json.SelfDescribingJson object at 0x0000025EDA61D1C0>, <snowplow_tracker.self_describing_json.SelfDescribingJson object at 0x0000025ED9D252E0>, <snowplow_tracker.self_describing_json.SelfDescribingJson object at 0x0000025EDCFBD940>]}


============================== 00:54:16.293854 | f6cb67a2-9b7c-40ea-a521-37084433c450 ==============================
[0m00:54:16.293854 [info ] [MainThread]: Running with dbt=1.11.8
[0m00:54:16.294843 [debug] [MainThread]: running dbt with arguments {'static_parser': 'True', 'no_print': 'None', 'version_check': 'True', 'target_path': 'None', 'warn_error_options': 'WarnErrorOptionsV2(error=[], warn=[], silence=[])', 'printer_width': '80', 'write_json': 'True', 'empty': 'False', 'log_cache_events': 'False', 'introspect': 'True', 'cache_selected_only': 'False', 'log_format': 'default', 'debug': 'False', 'fail_fast': 'False', 'partial_parse': 'True', 'send_anonymous_usage_stats': 'True', 'quiet': 'False', 'warn_error': 'None', 'profiles_dir': 'C:\\Users\\labul\\OneDrive\\Documents\\Preparation\\Projects\\Data_Engineering\\dbt_lineage\\dbt_project', 'use_colors': 'True', 'invocation_command': 'dbt compile', 'indirect_selection': 'eager', 'use_experimental_parser': 'False', 'log_path': 'C:\\Users\\labul\\OneDrive\\Documents\\Preparation\\Projects\\Data_Engineering\\dbt_lineage\\dbt_project\\logs'}
[0m00:54:16.456797 [debug] [MainThread]: Sending event: {'category': 'dbt', 'action': 'project_id', 'label': 'f6cb67a2-9b7c-40ea-a521-37084433c450', 'context': [<snowplow_tracker.self_describing_json.SelfDescribingJson object at 0x0000025EDED824B0>]}
[0m00:54:16.498653 [debug] [MainThread]: Sending event: {'category': 'dbt', 'action': 'adapter_info', 'label': 'f6cb67a2-9b7c-40ea-a521-37084433c450', 'context': [<snowplow_tracker.self_describing_json.SelfDescribingJson object at 0x0000025ED9D252E0>]}
[0m00:54:16.499653 [info ] [MainThread]: Registered adapter: duckdb=1.10.1
[0m00:54:16.623872 [debug] [MainThread]: checksum: 7d524ac048c2100769df89d592e662e060a73ca564e31bd9c2a37efdfe8d8ab6, vars: {}, profile: , target: , version: 1.11.8
[0m00:54:16.745922 [debug] [MainThread]: Partial parsing enabled: 0 files deleted, 0 files added, 0 files changed.
[0m00:54:16.745922 [debug] [MainThread]: Nothing changed, skipping partial parsing.
[0m00:54:16.746922 [debug] [MainThread]: Partial parsing enabled, no changes found, skipping parsing
[0m00:54:16.766749 [debug] [MainThread]: Sending event: {'category': 'dbt', 'action': 'load_project', 'label': 'f6cb67a2-9b7c-40ea-a521-37084433c450', 'context': [<snowplow_tracker.self_describing_json.SelfDescribingJson object at 0x0000025EDF06ABA0>]}
[0m00:54:16.814214 [debug] [MainThread]: Wrote artifact WritableManifest to C:\Users\labul\OneDrive\Documents\Preparation\Projects\Data_Engineering\dbt_lineage\dbt_project\target\manifest.json
[0m00:54:16.816215 [debug] [MainThread]: Wrote artifact SemanticManifest to C:\Users\labul\OneDrive\Documents\Preparation\Projects\Data_Engineering\dbt_lineage\dbt_project\target\semantic_manifest.json
[0m00:54:16.824670 [debug] [MainThread]: Sending event: {'category': 'dbt', 'action': 'resource_counts', 'label': 'f6cb67a2-9b7c-40ea-a521-37084433c450', 'context': [<snowplow_tracker.self_describing_json.SelfDescribingJson object at 0x0000025EDF261C10>]}
[0m00:54:16.824670 [info ] [MainThread]: Found 13 models, 1 source, 477 macros
[0m00:54:16.824670 [debug] [MainThread]: Sending event: {'category': 'dbt', 'action': 'runnable_timing', 'label': 'f6cb67a2-9b7c-40ea-a521-37084433c450', 'context': [<snowplow_tracker.self_describing_json.SelfDescribingJson object at 0x0000025EDF443260>]}
[0m00:54:16.826673 [info ] [MainThread]: 
[0m00:54:16.826673 [info ] [MainThread]: Concurrency: 1 threads (target='dev')
[0m00:54:16.827680 [info ] [MainThread]: 
[0m00:54:16.827680 [debug] [MainThread]: Acquiring new duckdb connection 'master'
[0m00:54:16.832679 [debug] [ThreadPool]: Acquiring new duckdb connection 'list_dummy_main'
[0m00:54:16.868232 [debug] [ThreadPool]: Using duckdb connection "list_dummy_main"
[0m00:54:16.868232 [debug] [ThreadPool]: On list_dummy_main: BEGIN
[0m00:54:16.868232 [debug] [ThreadPool]: Opening a new connection, currently in state init
[0m00:54:16.885901 [debug] [ThreadPool]: SQL status: OK in 0.010 seconds
[0m00:54:16.885901 [debug] [ThreadPool]: Using duckdb connection "list_dummy_main"
[0m00:54:16.885901 [debug] [ThreadPool]: On list_dummy_main: /* {"app": "dbt", "dbt_version": "1.11.8", "profile_name": "dummy_profile", "target_name": "dev", "connection_name": "list_dummy_main"} */
select
      'dummy' as database,
      table_name as name,
      table_schema as schema,
      CASE table_type
        WHEN 'BASE TABLE' THEN 'table'
        WHEN 'VIEW' THEN 'view'
        WHEN 'LOCAL TEMPORARY' THEN 'table'
        END as type
    from system.information_schema.tables
    where lower(table_schema) = 'main'
    and lower(table_catalog) = 'dummy'
  
[0m00:54:16.885901 [debug] [ThreadPool]: SQL status: OK in 0.002 seconds
[0m00:54:16.885901 [debug] [ThreadPool]: On list_dummy_main: ROLLBACK
[0m00:54:16.885901 [debug] [ThreadPool]: Failed to rollback 'list_dummy_main'
[0m00:54:16.885901 [debug] [ThreadPool]: On list_dummy_main: Close
[0m00:54:16.885901 [debug] [MainThread]: Sending event: {'category': 'dbt', 'action': 'runnable_timing', 'label': 'f6cb67a2-9b7c-40ea-a521-37084433c450', 'context': [<snowplow_tracker.self_describing_json.SelfDescribingJson object at 0x0000025EDC7CBEF0>]}
[0m00:54:16.885901 [debug] [Thread-1 (]: Began running node model.dummy_project.a
[0m00:54:16.885901 [debug] [Thread-1 (]: Acquiring new duckdb connection 'model.dummy_project.a'
[0m00:54:16.885901 [debug] [Thread-1 (]: Began compiling node model.dummy_project.a
[0m00:54:16.898461 [debug] [Thread-1 (]: Writing injected SQL for node "model.dummy_project.a"
[0m00:54:16.899966 [debug] [Thread-1 (]: Began executing node model.dummy_project.a
[0m00:54:16.899966 [debug] [Thread-1 (]: Finished running node model.dummy_project.a
[0m00:54:16.901112 [debug] [Thread-1 (]: Began running node model.dummy_project.level1_base
[0m00:54:16.901112 [debug] [Thread-1 (]: Re-using an available connection from the pool (formerly model.dummy_project.a, now model.dummy_project.level1_base)
[0m00:54:16.902325 [debug] [Thread-1 (]: Began compiling node model.dummy_project.level1_base
[0m00:54:16.904247 [debug] [Thread-1 (]: Writing injected SQL for node "model.dummy_project.level1_base"
[0m00:54:16.905235 [debug] [Thread-1 (]: Began executing node model.dummy_project.level1_base
[0m00:54:16.906233 [debug] [Thread-1 (]: Finished running node model.dummy_project.level1_base
[0m00:54:16.906233 [debug] [Thread-1 (]: Began running node model.dummy_project.level2_b
[0m00:54:16.907235 [debug] [Thread-1 (]: Re-using an available connection from the pool (formerly model.dummy_project.level1_base, now model.dummy_project.level2_b)
[0m00:54:16.907235 [debug] [Thread-1 (]: Began compiling node model.dummy_project.level2_b
[0m00:54:16.910237 [debug] [Thread-1 (]: Writing injected SQL for node "model.dummy_project.level2_b"
[0m00:54:16.912235 [debug] [Thread-1 (]: Began executing node model.dummy_project.level2_b
[0m00:54:16.912235 [debug] [Thread-1 (]: Finished running node model.dummy_project.level2_b
[0m00:54:16.913245 [debug] [Thread-1 (]: Began running node model.dummy_project.level3_b
[0m00:54:16.913245 [debug] [Thread-1 (]: Re-using an available connection from the pool (formerly model.dummy_project.level2_b, now model.dummy_project.level3_b)
[0m00:54:16.914242 [debug] [Thread-1 (]: Began compiling node model.dummy_project.level3_b
[0m00:54:16.915232 [debug] [Thread-1 (]: Writing injected SQL for node "model.dummy_project.level3_b"
[0m00:54:16.916232 [debug] [Thread-1 (]: Began executing node model.dummy_project.level3_b
[0m00:54:16.916232 [debug] [Thread-1 (]: Finished running node model.dummy_project.level3_b
[0m00:54:16.916232 [debug] [Thread-1 (]: Began running node model.dummy_project.level4_b
[0m00:54:16.917233 [debug] [Thread-1 (]: Re-using an available connection from the pool (formerly model.dummy_project.level3_b, now model.dummy_project.level4_b)
[0m00:54:16.917233 [debug] [Thread-1 (]: Began compiling node model.dummy_project.level4_b
[0m00:54:16.919240 [debug] [Thread-1 (]: Writing injected SQL for node "model.dummy_project.level4_b"
[0m00:54:16.919240 [debug] [Thread-1 (]: Began executing node model.dummy_project.level4_b
[0m00:54:16.920233 [debug] [Thread-1 (]: Finished running node model.dummy_project.level4_b
[0m00:54:16.920233 [debug] [Thread-1 (]: Began running node model.dummy_project.level5_b
[0m00:54:16.920233 [debug] [Thread-1 (]: Re-using an available connection from the pool (formerly model.dummy_project.level4_b, now model.dummy_project.level5_b)
[0m00:54:16.921233 [debug] [Thread-1 (]: Began compiling node model.dummy_project.level5_b
[0m00:54:16.922241 [debug] [Thread-1 (]: Writing injected SQL for node "model.dummy_project.level5_b"
[0m00:54:16.923240 [debug] [Thread-1 (]: Began executing node model.dummy_project.level5_b
[0m00:54:16.923240 [debug] [Thread-1 (]: Finished running node model.dummy_project.level5_b
[0m00:54:16.923240 [debug] [Thread-1 (]: Began running node model.dummy_project.src_level1
[0m00:54:16.924233 [debug] [Thread-1 (]: Re-using an available connection from the pool (formerly model.dummy_project.level5_b, now model.dummy_project.src_level1)
[0m00:54:16.924233 [debug] [Thread-1 (]: Began compiling node model.dummy_project.src_level1
[0m00:54:16.927037 [debug] [Thread-1 (]: Writing injected SQL for node "model.dummy_project.src_level1"
[0m00:54:16.928031 [debug] [Thread-1 (]: Began executing node model.dummy_project.src_level1
[0m00:54:16.928031 [debug] [Thread-1 (]: Finished running node model.dummy_project.src_level1
[0m00:54:16.929028 [debug] [Thread-1 (]: Began running node model.dummy_project.b
[0m00:54:16.929028 [debug] [Thread-1 (]: Re-using an available connection from the pool (formerly model.dummy_project.src_level1, now model.dummy_project.b)
[0m00:54:16.929028 [debug] [Thread-1 (]: Began compiling node model.dummy_project.b
[0m00:54:16.931031 [debug] [Thread-1 (]: Writing injected SQL for node "model.dummy_project.b"
[0m00:54:16.931031 [debug] [Thread-1 (]: Began executing node model.dummy_project.b
[0m00:54:16.932024 [debug] [Thread-1 (]: Finished running node model.dummy_project.b
[0m00:54:16.932024 [debug] [Thread-1 (]: Began running node model.dummy_project.level2_a
[0m00:54:16.932024 [debug] [Thread-1 (]: Re-using an available connection from the pool (formerly model.dummy_project.b, now model.dummy_project.level2_a)
[0m00:54:16.932024 [debug] [Thread-1 (]: Began compiling node model.dummy_project.level2_a
[0m00:54:16.934032 [debug] [Thread-1 (]: Writing injected SQL for node "model.dummy_project.level2_a"
[0m00:54:16.935025 [debug] [Thread-1 (]: Began executing node model.dummy_project.level2_a
[0m00:54:16.935025 [debug] [Thread-1 (]: Finished running node model.dummy_project.level2_a
[0m00:54:16.936029 [debug] [Thread-1 (]: Began running node model.dummy_project.level3_a
[0m00:54:16.936029 [debug] [Thread-1 (]: Re-using an available connection from the pool (formerly model.dummy_project.level2_a, now model.dummy_project.level3_a)
[0m00:54:16.936029 [debug] [Thread-1 (]: Began compiling node model.dummy_project.level3_a
[0m00:54:16.938040 [debug] [Thread-1 (]: Writing injected SQL for node "model.dummy_project.level3_a"
[0m00:54:16.938040 [debug] [Thread-1 (]: Began executing node model.dummy_project.level3_a
[0m00:54:16.939033 [debug] [Thread-1 (]: Finished running node model.dummy_project.level3_a
[0m00:54:16.939033 [debug] [Thread-1 (]: Began running node model.dummy_project.extra_branch
[0m00:54:16.940033 [debug] [Thread-1 (]: Re-using an available connection from the pool (formerly model.dummy_project.level3_a, now model.dummy_project.extra_branch)
[0m00:54:16.940033 [debug] [Thread-1 (]: Began compiling node model.dummy_project.extra_branch
[0m00:54:16.941538 [debug] [Thread-1 (]: Writing injected SQL for node "model.dummy_project.extra_branch"
[0m00:54:16.942543 [debug] [Thread-1 (]: Began executing node model.dummy_project.extra_branch
[0m00:54:16.942543 [debug] [Thread-1 (]: Finished running node model.dummy_project.extra_branch
[0m00:54:16.942543 [debug] [Thread-1 (]: Began running node model.dummy_project.level4_a
[0m00:54:16.942543 [debug] [Thread-1 (]: Re-using an available connection from the pool (formerly model.dummy_project.extra_branch, now model.dummy_project.level4_a)
[0m00:54:16.943543 [debug] [Thread-1 (]: Began compiling node model.dummy_project.level4_a
[0m00:54:16.945547 [debug] [Thread-1 (]: Writing injected SQL for node "model.dummy_project.level4_a"
[0m00:54:16.946548 [debug] [Thread-1 (]: Began executing node model.dummy_project.level4_a
[0m00:54:16.947548 [debug] [Thread-1 (]: Finished running node model.dummy_project.level4_a
[0m00:54:16.948546 [debug] [Thread-1 (]: Began running node model.dummy_project.level5_a
[0m00:54:16.948546 [debug] [Thread-1 (]: Re-using an available connection from the pool (formerly model.dummy_project.level4_a, now model.dummy_project.level5_a)
[0m00:54:16.949314 [debug] [Thread-1 (]: Began compiling node model.dummy_project.level5_a
[0m00:54:16.949314 [debug] [Thread-1 (]: Writing injected SQL for node "model.dummy_project.level5_a"
[0m00:54:16.949314 [debug] [Thread-1 (]: Began executing node model.dummy_project.level5_a
[0m00:54:16.949314 [debug] [Thread-1 (]: Finished running node model.dummy_project.level5_a
[0m00:54:16.949314 [debug] [MainThread]: Connection 'master' was properly closed.
[0m00:54:16.949314 [debug] [MainThread]: Connection 'list_dummy_main' was properly closed.
[0m00:54:16.949314 [debug] [MainThread]: Connection 'model.dummy_project.level5_a' was properly closed.
[0m00:54:16.955277 [debug] [MainThread]: Command end result
[0m00:54:17.001296 [debug] [MainThread]: Wrote artifact WritableManifest to C:\Users\labul\OneDrive\Documents\Preparation\Projects\Data_Engineering\dbt_lineage\dbt_project\target\manifest.json
[0m00:54:17.012133 [debug] [MainThread]: Wrote artifact SemanticManifest to C:\Users\labul\OneDrive\Documents\Preparation\Projects\Data_Engineering\dbt_lineage\dbt_project\target\semantic_manifest.json
[0m00:54:17.018849 [debug] [MainThread]: Wrote artifact RunExecutionResult to C:\Users\labul\OneDrive\Documents\Preparation\Projects\Data_Engineering\dbt_lineage\dbt_project\target\run_results.json
[0m00:54:17.018849 [debug] [MainThread]: Command `dbt compile` succeeded at 00:54:17.018849 after 0.91 seconds
[0m00:54:17.019850 [debug] [MainThread]: Sending event: {'category': 'dbt', 'action': 'invocation', 'label': 'end', 'context': [<snowplow_tracker.self_describing_json.SelfDescribingJson object at 0x0000025EDD815F10>, <snowplow_tracker.self_describing_json.SelfDescribingJson object at 0x0000025EDC7CBF80>, <snowplow_tracker.self_describing_json.SelfDescribingJson object at 0x0000025EDC7CBEF0>]}
[0m00:54:17.019850 [debug] [MainThread]: Flushing usage events
[0m00:54:18.309176 [debug] [MainThread]: An error was encountered while trying to flush usage events
[0m01:03:06.756911 [debug] [MainThread]: Sending event: {'category': 'dbt', 'action': 'invocation', 'label': 'start', 'context': [<snowplow_tracker.self_describing_json.SelfDescribingJson object at 0x000002BE8BF3F230>, <snowplow_tracker.self_describing_json.SelfDescribingJson object at 0x000002BE8F7073E0>, <snowplow_tracker.self_describing_json.SelfDescribingJson object at 0x000002BE8F7061B0>]}


============================== 01:03:06.756911 | 06ad08a9-dd42-4dba-b15f-85d5d9967b06 ==============================
[0m01:03:06.756911 [info ] [MainThread]: Running with dbt=1.11.8
[0m01:03:06.764995 [debug] [MainThread]: running dbt with arguments {'version_check': 'True', 'no_print': 'None', 'static_parser': 'True', 'warn_error_options': 'WarnErrorOptionsV2(error=[], warn=[], silence=[])', 'target_path': 'None', 'printer_width': '80', 'write_json': 'True', 'introspect': 'True', 'log_cache_events': 'False', 'empty': 'False', 'cache_selected_only': 'False', 'log_format': 'default', 'debug': 'False', 'fail_fast': 'False', 'partial_parse': 'True', 'send_anonymous_usage_stats': 'True', 'quiet': 'False', 'warn_error': 'None', 'profiles_dir': 'C:\\Users\\labul\\OneDrive\\Documents\\Preparation\\Projects\\Data_Engineering\\dbt_lineage\\dbt_project', 'indirect_selection': 'eager', 'invocation_command': 'dbt compile', 'use_colors': 'True', 'use_experimental_parser': 'False', 'log_path': 'C:\\Users\\labul\\OneDrive\\Documents\\Preparation\\Projects\\Data_Engineering\\dbt_lineage\\dbt_project\\logs'}
[0m01:03:06.918468 [debug] [MainThread]: Sending event: {'category': 'dbt', 'action': 'project_id', 'label': '06ad08a9-dd42-4dba-b15f-85d5d9967b06', 'context': [<snowplow_tracker.self_describing_json.SelfDescribingJson object at 0x000002BE910BEE40>]}
[0m01:03:06.966540 [debug] [MainThread]: Sending event: {'category': 'dbt', 'action': 'adapter_info', 'label': '06ad08a9-dd42-4dba-b15f-85d5d9967b06', 'context': [<snowplow_tracker.self_describing_json.SelfDescribingJson object at 0x000002BE8CADD790>]}
[0m01:03:06.966540 [info ] [MainThread]: Registered adapter: duckdb=1.10.1
[0m01:03:07.090281 [debug] [MainThread]: checksum: 7d524ac048c2100769df89d592e662e060a73ca564e31bd9c2a37efdfe8d8ab6, vars: {}, profile: , target: , version: 1.11.8
[0m01:03:07.167545 [debug] [MainThread]: Partial parsing enabled: 0 files deleted, 0 files added, 0 files changed.
[0m01:03:07.168647 [debug] [MainThread]: Nothing changed, skipping partial parsing.
[0m01:03:07.168647 [debug] [MainThread]: Partial parsing enabled, no changes found, skipping parsing
[0m01:03:07.187104 [debug] [MainThread]: Sending event: {'category': 'dbt', 'action': 'load_project', 'label': '06ad08a9-dd42-4dba-b15f-85d5d9967b06', 'context': [<snowplow_tracker.self_describing_json.SelfDescribingJson object at 0x000002BE910EE510>]}
[0m01:03:07.230002 [debug] [MainThread]: Wrote artifact WritableManifest to C:\Users\labul\OneDrive\Documents\Preparation\Projects\Data_Engineering\dbt_lineage\dbt_project\target\manifest.json
[0m01:03:07.246023 [debug] [MainThread]: Wrote artifact SemanticManifest to C:\Users\labul\OneDrive\Documents\Preparation\Projects\Data_Engineering\dbt_lineage\dbt_project\target\semantic_manifest.json
[0m01:03:07.246023 [debug] [MainThread]: Sending event: {'category': 'dbt', 'action': 'resource_counts', 'label': '06ad08a9-dd42-4dba-b15f-85d5d9967b06', 'context': [<snowplow_tracker.self_describing_json.SelfDescribingJson object at 0x000002BE915B1850>]}
[0m01:03:07.246023 [info ] [MainThread]: Found 13 models, 1 source, 477 macros
[0m01:03:07.246023 [debug] [MainThread]: Sending event: {'category': 'dbt', 'action': 'runnable_timing', 'label': '06ad08a9-dd42-4dba-b15f-85d5d9967b06', 'context': [<snowplow_tracker.self_describing_json.SelfDescribingJson object at 0x000002BE8F7B1370>]}
[0m01:03:07.246023 [info ] [MainThread]: 
[0m01:03:07.246023 [info ] [MainThread]: Concurrency: 1 threads (target='dev')
[0m01:03:07.246023 [info ] [MainThread]: 
[0m01:03:07.246023 [debug] [MainThread]: Acquiring new duckdb connection 'master'
[0m01:03:07.246023 [debug] [ThreadPool]: Acquiring new duckdb connection 'list_dummy_main'
[0m01:03:07.300906 [debug] [ThreadPool]: Using duckdb connection "list_dummy_main"
[0m01:03:07.300906 [debug] [ThreadPool]: On list_dummy_main: BEGIN
[0m01:03:07.300906 [debug] [ThreadPool]: Opening a new connection, currently in state init
[0m01:03:07.300906 [debug] [ThreadPool]: SQL status: OK in 0.010 seconds
[0m01:03:07.300906 [debug] [ThreadPool]: Using duckdb connection "list_dummy_main"
[0m01:03:07.300906 [debug] [ThreadPool]: On list_dummy_main: /* {"app": "dbt", "dbt_version": "1.11.8", "profile_name": "dummy_profile", "target_name": "dev", "connection_name": "list_dummy_main"} */
select
      'dummy' as database,
      table_name as name,
      table_schema as schema,
      CASE table_type
        WHEN 'BASE TABLE' THEN 'table'
        WHEN 'VIEW' THEN 'view'
        WHEN 'LOCAL TEMPORARY' THEN 'table'
        END as type
    from system.information_schema.tables
    where lower(table_schema) = 'main'
    and lower(table_catalog) = 'dummy'
  
[0m01:03:07.300906 [debug] [ThreadPool]: SQL status: OK in 0.002 seconds
[0m01:03:07.316629 [debug] [ThreadPool]: On list_dummy_main: ROLLBACK
[0m01:03:07.316629 [debug] [ThreadPool]: Failed to rollback 'list_dummy_main'
[0m01:03:07.316629 [debug] [ThreadPool]: On list_dummy_main: Close
[0m01:03:07.316629 [debug] [MainThread]: Sending event: {'category': 'dbt', 'action': 'runnable_timing', 'label': '06ad08a9-dd42-4dba-b15f-85d5d9967b06', 'context': [<snowplow_tracker.self_describing_json.SelfDescribingJson object at 0x000002BE917920C0>]}
[0m01:03:07.316629 [debug] [Thread-1 (]: Began running node model.dummy_project.a
[0m01:03:07.316629 [debug] [Thread-1 (]: Acquiring new duckdb connection 'model.dummy_project.a'
[0m01:03:07.316629 [debug] [Thread-1 (]: Began compiling node model.dummy_project.a
[0m01:03:07.316629 [debug] [Thread-1 (]: Writing injected SQL for node "model.dummy_project.a"
[0m01:03:07.316629 [debug] [Thread-1 (]: Began executing node model.dummy_project.a
[0m01:03:07.316629 [debug] [Thread-1 (]: Finished running node model.dummy_project.a
[0m01:03:07.316629 [debug] [Thread-1 (]: Began running node model.dummy_project.level1_base
[0m01:03:07.316629 [debug] [Thread-1 (]: Re-using an available connection from the pool (formerly model.dummy_project.a, now model.dummy_project.level1_base)
[0m01:03:07.316629 [debug] [Thread-1 (]: Began compiling node model.dummy_project.level1_base
[0m01:03:07.316629 [debug] [Thread-1 (]: Writing injected SQL for node "model.dummy_project.level1_base"
[0m01:03:07.316629 [debug] [Thread-1 (]: Began executing node model.dummy_project.level1_base
[0m01:03:07.316629 [debug] [Thread-1 (]: Finished running node model.dummy_project.level1_base
[0m01:03:07.316629 [debug] [Thread-1 (]: Began running node model.dummy_project.level2_b
[0m01:03:07.316629 [debug] [Thread-1 (]: Re-using an available connection from the pool (formerly model.dummy_project.level1_base, now model.dummy_project.level2_b)
[0m01:03:07.316629 [debug] [Thread-1 (]: Began compiling node model.dummy_project.level2_b
[0m01:03:07.316629 [debug] [Thread-1 (]: Writing injected SQL for node "model.dummy_project.level2_b"
[0m01:03:07.332447 [debug] [Thread-1 (]: Began executing node model.dummy_project.level2_b
[0m01:03:07.332447 [debug] [Thread-1 (]: Finished running node model.dummy_project.level2_b
[0m01:03:07.332447 [debug] [Thread-1 (]: Began running node model.dummy_project.level3_b
[0m01:03:07.332447 [debug] [Thread-1 (]: Re-using an available connection from the pool (formerly model.dummy_project.level2_b, now model.dummy_project.level3_b)
[0m01:03:07.332447 [debug] [Thread-1 (]: Began compiling node model.dummy_project.level3_b
[0m01:03:07.332447 [debug] [Thread-1 (]: Writing injected SQL for node "model.dummy_project.level3_b"
[0m01:03:07.332447 [debug] [Thread-1 (]: Began executing node model.dummy_project.level3_b
[0m01:03:07.332447 [debug] [Thread-1 (]: Finished running node model.dummy_project.level3_b
[0m01:03:07.332447 [debug] [Thread-1 (]: Began running node model.dummy_project.level4_b
[0m01:03:07.332447 [debug] [Thread-1 (]: Re-using an available connection from the pool (formerly model.dummy_project.level3_b, now model.dummy_project.level4_b)
[0m01:03:07.332447 [debug] [Thread-1 (]: Began compiling node model.dummy_project.level4_b
[0m01:03:07.332447 [debug] [Thread-1 (]: Writing injected SQL for node "model.dummy_project.level4_b"
[0m01:03:07.332447 [debug] [Thread-1 (]: Began executing node model.dummy_project.level4_b
[0m01:03:07.332447 [debug] [Thread-1 (]: Finished running node model.dummy_project.level4_b
[0m01:03:07.332447 [debug] [Thread-1 (]: Began running node model.dummy_project.level5_b
[0m01:03:07.332447 [debug] [Thread-1 (]: Re-using an available connection from the pool (formerly model.dummy_project.level4_b, now model.dummy_project.level5_b)
[0m01:03:07.332447 [debug] [Thread-1 (]: Began compiling node model.dummy_project.level5_b
[0m01:03:07.332447 [debug] [Thread-1 (]: Writing injected SQL for node "model.dummy_project.level5_b"
[0m01:03:07.332447 [debug] [Thread-1 (]: Began executing node model.dummy_project.level5_b
[0m01:03:07.332447 [debug] [Thread-1 (]: Finished running node model.dummy_project.level5_b
[0m01:03:07.332447 [debug] [Thread-1 (]: Began running node model.dummy_project.src_level1
[0m01:03:07.332447 [debug] [Thread-1 (]: Re-using an available connection from the pool (formerly model.dummy_project.level5_b, now model.dummy_project.src_level1)
[0m01:03:07.332447 [debug] [Thread-1 (]: Began compiling node model.dummy_project.src_level1
[0m01:03:07.332447 [debug] [Thread-1 (]: Writing injected SQL for node "model.dummy_project.src_level1"
[0m01:03:07.332447 [debug] [Thread-1 (]: Began executing node model.dummy_project.src_level1
[0m01:03:07.332447 [debug] [Thread-1 (]: Finished running node model.dummy_project.src_level1
[0m01:03:07.332447 [debug] [Thread-1 (]: Began running node model.dummy_project.b
[0m01:03:07.332447 [debug] [Thread-1 (]: Re-using an available connection from the pool (formerly model.dummy_project.src_level1, now model.dummy_project.b)
[0m01:03:07.332447 [debug] [Thread-1 (]: Began compiling node model.dummy_project.b
[0m01:03:07.332447 [debug] [Thread-1 (]: Writing injected SQL for node "model.dummy_project.b"
[0m01:03:07.332447 [debug] [Thread-1 (]: Began executing node model.dummy_project.b
[0m01:03:07.332447 [debug] [Thread-1 (]: Finished running node model.dummy_project.b
[0m01:03:07.332447 [debug] [Thread-1 (]: Began running node model.dummy_project.level2_a
[0m01:03:07.332447 [debug] [Thread-1 (]: Re-using an available connection from the pool (formerly model.dummy_project.b, now model.dummy_project.level2_a)
[0m01:03:07.348374 [debug] [Thread-1 (]: Began compiling node model.dummy_project.level2_a
[0m01:03:07.348374 [debug] [Thread-1 (]: Writing injected SQL for node "model.dummy_project.level2_a"
[0m01:03:07.348374 [debug] [Thread-1 (]: Began executing node model.dummy_project.level2_a
[0m01:03:07.348374 [debug] [Thread-1 (]: Finished running node model.dummy_project.level2_a
[0m01:03:07.348374 [debug] [Thread-1 (]: Began running node model.dummy_project.level3_a
[0m01:03:07.348374 [debug] [Thread-1 (]: Re-using an available connection from the pool (formerly model.dummy_project.level2_a, now model.dummy_project.level3_a)
[0m01:03:07.348374 [debug] [Thread-1 (]: Began compiling node model.dummy_project.level3_a
[0m01:03:07.348374 [debug] [Thread-1 (]: Writing injected SQL for node "model.dummy_project.level3_a"
[0m01:03:07.348374 [debug] [Thread-1 (]: Began executing node model.dummy_project.level3_a
[0m01:03:07.348374 [debug] [Thread-1 (]: Finished running node model.dummy_project.level3_a
[0m01:03:07.348374 [debug] [Thread-1 (]: Began running node model.dummy_project.extra_branch
[0m01:03:07.348374 [debug] [Thread-1 (]: Re-using an available connection from the pool (formerly model.dummy_project.level3_a, now model.dummy_project.extra_branch)
[0m01:03:07.348374 [debug] [Thread-1 (]: Began compiling node model.dummy_project.extra_branch
[0m01:03:07.348374 [debug] [Thread-1 (]: Writing injected SQL for node "model.dummy_project.extra_branch"
[0m01:03:07.348374 [debug] [Thread-1 (]: Began executing node model.dummy_project.extra_branch
[0m01:03:07.348374 [debug] [Thread-1 (]: Finished running node model.dummy_project.extra_branch
[0m01:03:07.348374 [debug] [Thread-1 (]: Began running node model.dummy_project.level4_a
[0m01:03:07.348374 [debug] [Thread-1 (]: Re-using an available connection from the pool (formerly model.dummy_project.extra_branch, now model.dummy_project.level4_a)
[0m01:03:07.348374 [debug] [Thread-1 (]: Began compiling node model.dummy_project.level4_a
[0m01:03:07.348374 [debug] [Thread-1 (]: Writing injected SQL for node "model.dummy_project.level4_a"
[0m01:03:07.348374 [debug] [Thread-1 (]: Began executing node model.dummy_project.level4_a
[0m01:03:07.348374 [debug] [Thread-1 (]: Finished running node model.dummy_project.level4_a
[0m01:03:07.348374 [debug] [Thread-1 (]: Began running node model.dummy_project.level5_a
[0m01:03:07.348374 [debug] [Thread-1 (]: Re-using an available connection from the pool (formerly model.dummy_project.level4_a, now model.dummy_project.level5_a)
[0m01:03:07.348374 [debug] [Thread-1 (]: Began compiling node model.dummy_project.level5_a
[0m01:03:07.364190 [debug] [Thread-1 (]: Writing injected SQL for node "model.dummy_project.level5_a"
[0m01:03:07.364190 [debug] [Thread-1 (]: Began executing node model.dummy_project.level5_a
[0m01:03:07.364984 [debug] [Thread-1 (]: Finished running node model.dummy_project.level5_a
[0m01:03:07.365884 [debug] [MainThread]: Connection 'master' was properly closed.
[0m01:03:07.365884 [debug] [MainThread]: Connection 'list_dummy_main' was properly closed.
[0m01:03:07.367013 [debug] [MainThread]: Connection 'model.dummy_project.level5_a' was properly closed.
[0m01:03:07.367013 [debug] [MainThread]: Command end result
[0m01:03:07.412798 [debug] [MainThread]: Wrote artifact WritableManifest to C:\Users\labul\OneDrive\Documents\Preparation\Projects\Data_Engineering\dbt_lineage\dbt_project\target\manifest.json
[0m01:03:07.428780 [debug] [MainThread]: Wrote artifact SemanticManifest to C:\Users\labul\OneDrive\Documents\Preparation\Projects\Data_Engineering\dbt_lineage\dbt_project\target\semantic_manifest.json
[0m01:03:07.428780 [debug] [MainThread]: Wrote artifact RunExecutionResult to C:\Users\labul\OneDrive\Documents\Preparation\Projects\Data_Engineering\dbt_lineage\dbt_project\target\run_results.json
[0m01:03:07.428780 [debug] [MainThread]: Command `dbt compile` succeeded at 01:03:07.428780 after 0.88 seconds
[0m01:03:07.428780 [debug] [MainThread]: Sending event: {'category': 'dbt', 'action': 'invocation', 'label': 'end', 'context': [<snowplow_tracker.self_describing_json.SelfDescribingJson object at 0x000002BE91A863F0>, <snowplow_tracker.self_describing_json.SelfDescribingJson object at 0x000002BE91A86120>, <snowplow_tracker.self_describing_json.SelfDescribingJson object at 0x000002BE91A433E0>]}
[0m01:03:07.428780 [debug] [MainThread]: Flushing usage events
[0m01:03:08.762375 [debug] [MainThread]: An error was encountered while trying to flush usage events
[0m10:44:22.281255 [debug] [MainThread]: Sending event: {'category': 'dbt', 'action': 'invocation', 'label': 'start', 'context': [<snowplow_tracker.self_describing_json.SelfDescribingJson object at 0x000002CCCCE5AE70>, <snowplow_tracker.self_describing_json.SelfDescribingJson object at 0x000002CCCDA1E240>, <snowplow_tracker.self_describing_json.SelfDescribingJson object at 0x000002CCCDA1E030>]}


============================== 10:44:22.297053 | e91684b0-c7a4-45ad-a291-6c9bc9c30e2e ==============================
[0m10:44:22.297053 [info ] [MainThread]: Running with dbt=1.11.8
[0m10:44:22.297053 [debug] [MainThread]: running dbt with arguments {'static_parser': 'True', 'no_print': 'None', 'version_check': 'True', 'target_path': 'None', 'warn_error_options': 'WarnErrorOptionsV2(error=[], warn=[], silence=[])', 'printer_width': '80', 'write_json': 'True', 'introspect': 'True', 'log_cache_events': 'False', 'empty': 'False', 'cache_selected_only': 'False', 'log_format': 'default', 'debug': 'False', 'fail_fast': 'False', 'profiles_dir': 'C:\\Users\\labul\\OneDrive\\Documents\\Preparation\\Projects\\Data_Engineering\\dbt_lineage\\dbt_project', 'send_anonymous_usage_stats': 'True', 'quiet': 'False', 'warn_error': 'None', 'partial_parse': 'True', 'invocation_command': 'dbt compile', 'indirect_selection': 'eager', 'use_colors': 'True', 'use_experimental_parser': 'False', 'log_path': 'C:\\Users\\labul\\OneDrive\\Documents\\Preparation\\Projects\\Data_Engineering\\dbt_lineage\\dbt_project\\logs'}
[0m10:44:22.987452 [debug] [MainThread]: Sending event: {'category': 'dbt', 'action': 'project_id', 'label': 'e91684b0-c7a4-45ad-a291-6c9bc9c30e2e', 'context': [<snowplow_tracker.self_describing_json.SelfDescribingJson object at 0x000002CCCEB163F0>]}
[0m10:44:23.051073 [debug] [MainThread]: Sending event: {'category': 'dbt', 'action': 'adapter_info', 'label': 'e91684b0-c7a4-45ad-a291-6c9bc9c30e2e', 'context': [<snowplow_tracker.self_describing_json.SelfDescribingJson object at 0x000002CCCEB342C0>]}
[0m10:44:23.066813 [info ] [MainThread]: Registered adapter: duckdb=1.10.1
[0m10:44:23.470682 [debug] [MainThread]: checksum: 7d524ac048c2100769df89d592e662e060a73ca564e31bd9c2a37efdfe8d8ab6, vars: {}, profile: , target: , version: 1.11.8
[0m10:44:23.706052 [debug] [MainThread]: Partial parsing enabled: 0 files deleted, 0 files added, 0 files changed.
[0m10:44:23.706052 [debug] [MainThread]: Nothing changed, skipping partial parsing.
[0m10:44:23.706052 [debug] [MainThread]: Partial parsing enabled, no changes found, skipping parsing
[0m10:44:23.749119 [debug] [MainThread]: Sending event: {'category': 'dbt', 'action': 'load_project', 'label': 'e91684b0-c7a4-45ad-a291-6c9bc9c30e2e', 'context': [<snowplow_tracker.self_describing_json.SelfDescribingJson object at 0x000002CCCF0EF020>]}
[0m10:44:23.831730 [debug] [MainThread]: Wrote artifact WritableManifest to C:\Users\labul\OneDrive\Documents\Preparation\Projects\Data_Engineering\dbt_lineage\dbt_project\target\manifest.json
[0m10:44:23.831730 [debug] [MainThread]: Wrote artifact SemanticManifest to C:\Users\labul\OneDrive\Documents\Preparation\Projects\Data_Engineering\dbt_lineage\dbt_project\target\semantic_manifest.json
[0m10:44:23.863751 [debug] [MainThread]: Sending event: {'category': 'dbt', 'action': 'resource_counts', 'label': 'e91684b0-c7a4-45ad-a291-6c9bc9c30e2e', 'context': [<snowplow_tracker.self_describing_json.SelfDescribingJson object at 0x000002CCCF2D9D60>]}
[0m10:44:23.863751 [info ] [MainThread]: Found 13 models, 1 source, 477 macros
[0m10:44:23.863751 [debug] [MainThread]: Sending event: {'category': 'dbt', 'action': 'runnable_timing', 'label': 'e91684b0-c7a4-45ad-a291-6c9bc9c30e2e', 'context': [<snowplow_tracker.self_describing_json.SelfDescribingJson object at 0x000002CCCEE8B1D0>]}
[0m10:44:23.879662 [info ] [MainThread]: 
[0m10:44:23.879662 [info ] [MainThread]: Concurrency: 1 threads (target='dev')
[0m10:44:23.879662 [info ] [MainThread]: 
[0m10:44:23.885076 [debug] [MainThread]: Acquiring new duckdb connection 'master'
[0m10:44:23.890778 [debug] [ThreadPool]: Acquiring new duckdb connection 'list_dummy_main'
[0m10:44:24.752315 [debug] [ThreadPool]: Using duckdb connection "list_dummy_main"
[0m10:44:24.752315 [debug] [ThreadPool]: On list_dummy_main: BEGIN
[0m10:44:24.752315 [debug] [ThreadPool]: Opening a new connection, currently in state init
[0m10:44:24.783909 [debug] [ThreadPool]: SQL status: OK in 0.029 seconds
[0m10:44:24.783909 [debug] [ThreadPool]: Using duckdb connection "list_dummy_main"
[0m10:44:24.783909 [debug] [ThreadPool]: On list_dummy_main: /* {"app": "dbt", "dbt_version": "1.11.8", "profile_name": "dummy_profile", "target_name": "dev", "connection_name": "list_dummy_main"} */
select
      'dummy' as database,
      table_name as name,
      table_schema as schema,
      CASE table_type
        WHEN 'BASE TABLE' THEN 'table'
        WHEN 'VIEW' THEN 'view'
        WHEN 'LOCAL TEMPORARY' THEN 'table'
        END as type
    from system.information_schema.tables
    where lower(table_schema) = 'main'
    and lower(table_catalog) = 'dummy'
  
[0m10:44:24.799765 [debug] [ThreadPool]: SQL status: OK in 0.014 seconds
[0m10:44:24.799765 [debug] [ThreadPool]: On list_dummy_main: ROLLBACK
[0m10:44:24.799765 [debug] [ThreadPool]: Failed to rollback 'list_dummy_main'
[0m10:44:24.799765 [debug] [ThreadPool]: On list_dummy_main: Close
[0m10:44:24.799765 [debug] [MainThread]: Sending event: {'category': 'dbt', 'action': 'runnable_timing', 'label': 'e91684b0-c7a4-45ad-a291-6c9bc9c30e2e', 'context': [<snowplow_tracker.self_describing_json.SelfDescribingJson object at 0x000002CCCEE8BAD0>]}
[0m10:44:24.815524 [debug] [Thread-1 (]: Began running node model.dummy_project.a
[0m10:44:24.815524 [debug] [Thread-1 (]: Acquiring new duckdb connection 'model.dummy_project.a'
[0m10:44:24.815524 [debug] [Thread-1 (]: Began compiling node model.dummy_project.a
[0m10:44:24.815524 [debug] [Thread-1 (]: Writing injected SQL for node "model.dummy_project.a"
[0m10:44:24.815524 [debug] [Thread-1 (]: Began executing node model.dummy_project.a
[0m10:44:24.815524 [debug] [Thread-1 (]: Finished running node model.dummy_project.a
[0m10:44:24.815524 [debug] [Thread-1 (]: Began running node model.dummy_project.level1_base
[0m10:44:24.815524 [debug] [Thread-1 (]: Re-using an available connection from the pool (formerly model.dummy_project.a, now model.dummy_project.level1_base)
[0m10:44:24.815524 [debug] [Thread-1 (]: Began compiling node model.dummy_project.level1_base
[0m10:44:24.831273 [debug] [Thread-1 (]: Writing injected SQL for node "model.dummy_project.level1_base"
[0m10:44:24.831273 [debug] [Thread-1 (]: Began executing node model.dummy_project.level1_base
[0m10:44:24.831273 [debug] [Thread-1 (]: Finished running node model.dummy_project.level1_base
[0m10:44:24.831273 [debug] [Thread-1 (]: Began running node model.dummy_project.level2_b
[0m10:44:24.831273 [debug] [Thread-1 (]: Re-using an available connection from the pool (formerly model.dummy_project.level1_base, now model.dummy_project.level2_b)
[0m10:44:24.831273 [debug] [Thread-1 (]: Began compiling node model.dummy_project.level2_b
[0m10:44:24.831273 [debug] [Thread-1 (]: Writing injected SQL for node "model.dummy_project.level2_b"
[0m10:44:24.831273 [debug] [Thread-1 (]: Began executing node model.dummy_project.level2_b
[0m10:44:24.831273 [debug] [Thread-1 (]: Finished running node model.dummy_project.level2_b
[0m10:44:24.831273 [debug] [Thread-1 (]: Began running node model.dummy_project.level3_b
[0m10:44:24.831273 [debug] [Thread-1 (]: Re-using an available connection from the pool (formerly model.dummy_project.level2_b, now model.dummy_project.level3_b)
[0m10:44:24.831273 [debug] [Thread-1 (]: Began compiling node model.dummy_project.level3_b
[0m10:44:24.831273 [debug] [Thread-1 (]: Writing injected SQL for node "model.dummy_project.level3_b"
[0m10:44:24.831273 [debug] [Thread-1 (]: Began executing node model.dummy_project.level3_b
[0m10:44:24.847204 [debug] [Thread-1 (]: Finished running node model.dummy_project.level3_b
[0m10:44:24.847204 [debug] [Thread-1 (]: Began running node model.dummy_project.level4_b
[0m10:44:24.847204 [debug] [Thread-1 (]: Re-using an available connection from the pool (formerly model.dummy_project.level3_b, now model.dummy_project.level4_b)
[0m10:44:24.847204 [debug] [Thread-1 (]: Began compiling node model.dummy_project.level4_b
[0m10:44:24.851259 [debug] [Thread-1 (]: Writing injected SQL for node "model.dummy_project.level4_b"
[0m10:44:24.851259 [debug] [Thread-1 (]: Began executing node model.dummy_project.level4_b
[0m10:44:24.851259 [debug] [Thread-1 (]: Finished running node model.dummy_project.level4_b
[0m10:44:24.851259 [debug] [Thread-1 (]: Began running node model.dummy_project.level5_b
[0m10:44:24.851259 [debug] [Thread-1 (]: Re-using an available connection from the pool (formerly model.dummy_project.level4_b, now model.dummy_project.level5_b)
[0m10:44:24.851259 [debug] [Thread-1 (]: Began compiling node model.dummy_project.level5_b
[0m10:44:24.851259 [debug] [Thread-1 (]: Writing injected SQL for node "model.dummy_project.level5_b"
[0m10:44:24.851259 [debug] [Thread-1 (]: Began executing node model.dummy_project.level5_b
[0m10:44:24.851259 [debug] [Thread-1 (]: Finished running node model.dummy_project.level5_b
[0m10:44:24.851259 [debug] [Thread-1 (]: Began running node model.dummy_project.src_level1
[0m10:44:24.851259 [debug] [Thread-1 (]: Re-using an available connection from the pool (formerly model.dummy_project.level5_b, now model.dummy_project.src_level1)
[0m10:44:24.851259 [debug] [Thread-1 (]: Began compiling node model.dummy_project.src_level1
[0m10:44:24.863330 [debug] [Thread-1 (]: Writing injected SQL for node "model.dummy_project.src_level1"
[0m10:44:24.863330 [debug] [Thread-1 (]: Began executing node model.dummy_project.src_level1
[0m10:44:24.863330 [debug] [Thread-1 (]: Finished running node model.dummy_project.src_level1
[0m10:44:24.863330 [debug] [Thread-1 (]: Began running node model.dummy_project.b
[0m10:44:24.863330 [debug] [Thread-1 (]: Re-using an available connection from the pool (formerly model.dummy_project.src_level1, now model.dummy_project.b)
[0m10:44:24.863330 [debug] [Thread-1 (]: Began compiling node model.dummy_project.b
[0m10:44:24.863330 [debug] [Thread-1 (]: Writing injected SQL for node "model.dummy_project.b"
[0m10:44:24.863330 [debug] [Thread-1 (]: Began executing node model.dummy_project.b
[0m10:44:24.863330 [debug] [Thread-1 (]: Finished running node model.dummy_project.b
[0m10:44:24.863330 [debug] [Thread-1 (]: Began running node model.dummy_project.level2_a
[0m10:44:24.863330 [debug] [Thread-1 (]: Re-using an available connection from the pool (formerly model.dummy_project.b, now model.dummy_project.level2_a)
[0m10:44:24.863330 [debug] [Thread-1 (]: Began compiling node model.dummy_project.level2_a
[0m10:44:24.879155 [debug] [Thread-1 (]: Writing injected SQL for node "model.dummy_project.level2_a"
[0m10:44:24.879155 [debug] [Thread-1 (]: Began executing node model.dummy_project.level2_a
[0m10:44:24.879155 [debug] [Thread-1 (]: Finished running node model.dummy_project.level2_a
[0m10:44:24.879155 [debug] [Thread-1 (]: Began running node model.dummy_project.level3_a
[0m10:44:24.879155 [debug] [Thread-1 (]: Re-using an available connection from the pool (formerly model.dummy_project.level2_a, now model.dummy_project.level3_a)
[0m10:44:24.879155 [debug] [Thread-1 (]: Began compiling node model.dummy_project.level3_a
[0m10:44:24.879155 [debug] [Thread-1 (]: Writing injected SQL for node "model.dummy_project.level3_a"
[0m10:44:24.879155 [debug] [Thread-1 (]: Began executing node model.dummy_project.level3_a
[0m10:44:24.879155 [debug] [Thread-1 (]: Finished running node model.dummy_project.level3_a
[0m10:44:24.879155 [debug] [Thread-1 (]: Began running node model.dummy_project.extra_branch
[0m10:44:24.879155 [debug] [Thread-1 (]: Re-using an available connection from the pool (formerly model.dummy_project.level3_a, now model.dummy_project.extra_branch)
[0m10:44:24.879155 [debug] [Thread-1 (]: Began compiling node model.dummy_project.extra_branch
[0m10:44:24.894958 [debug] [Thread-1 (]: Writing injected SQL for node "model.dummy_project.extra_branch"
[0m10:44:24.894958 [debug] [Thread-1 (]: Began executing node model.dummy_project.extra_branch
[0m10:44:24.894958 [debug] [Thread-1 (]: Finished running node model.dummy_project.extra_branch
[0m10:44:24.894958 [debug] [Thread-1 (]: Began running node model.dummy_project.level4_a
[0m10:44:24.894958 [debug] [Thread-1 (]: Re-using an available connection from the pool (formerly model.dummy_project.extra_branch, now model.dummy_project.level4_a)
[0m10:44:24.894958 [debug] [Thread-1 (]: Began compiling node model.dummy_project.level4_a
[0m10:44:24.894958 [debug] [Thread-1 (]: Writing injected SQL for node "model.dummy_project.level4_a"
[0m10:44:24.894958 [debug] [Thread-1 (]: Began executing node model.dummy_project.level4_a
[0m10:44:24.894958 [debug] [Thread-1 (]: Finished running node model.dummy_project.level4_a
[0m10:44:24.894958 [debug] [Thread-1 (]: Began running node model.dummy_project.level5_a
[0m10:44:24.910775 [debug] [Thread-1 (]: Re-using an available connection from the pool (formerly model.dummy_project.level4_a, now model.dummy_project.level5_a)
[0m10:44:24.910775 [debug] [Thread-1 (]: Began compiling node model.dummy_project.level5_a
[0m10:44:24.910775 [debug] [Thread-1 (]: Writing injected SQL for node "model.dummy_project.level5_a"
[0m10:44:24.910775 [debug] [Thread-1 (]: Began executing node model.dummy_project.level5_a
[0m10:44:24.910775 [debug] [Thread-1 (]: Finished running node model.dummy_project.level5_a
[0m10:44:24.910775 [debug] [MainThread]: Connection 'master' was properly closed.
[0m10:44:24.910775 [debug] [MainThread]: Connection 'list_dummy_main' was properly closed.
[0m10:44:24.910775 [debug] [MainThread]: Connection 'model.dummy_project.level5_a' was properly closed.
[0m10:44:24.910775 [debug] [MainThread]: Command end result
[0m10:44:25.006274 [debug] [MainThread]: Wrote artifact WritableManifest to C:\Users\labul\OneDrive\Documents\Preparation\Projects\Data_Engineering\dbt_lineage\dbt_project\target\manifest.json
[0m10:44:25.006274 [debug] [MainThread]: Wrote artifact SemanticManifest to C:\Users\labul\OneDrive\Documents\Preparation\Projects\Data_Engineering\dbt_lineage\dbt_project\target\semantic_manifest.json
[0m10:44:25.022158 [debug] [MainThread]: Wrote artifact RunExecutionResult to C:\Users\labul\OneDrive\Documents\Preparation\Projects\Data_Engineering\dbt_lineage\dbt_project\target\run_results.json
[0m10:44:25.022158 [debug] [MainThread]: Command `dbt compile` succeeded at 10:44:25.022158 after 3.02 seconds
[0m10:44:25.022158 [debug] [MainThread]: Sending event: {'category': 'dbt', 'action': 'invocation', 'label': 'end', 'context': [<snowplow_tracker.self_describing_json.SelfDescribingJson object at 0x000002CCCD8C4BC0>, <snowplow_tracker.self_describing_json.SelfDescribingJson object at 0x000002CCCC3412E0>, <snowplow_tracker.self_describing_json.SelfDescribingJson object at 0x000002CCCF730140>]}
[0m10:44:25.022158 [debug] [MainThread]: Flushing usage events
[0m10:44:26.555015 [debug] [MainThread]: An error was encountered while trying to flush usage events
[0m11:13:03.213897 [debug] [MainThread]: Sending event: {'category': 'dbt', 'action': 'invocation', 'label': 'start', 'context': [<snowplow_tracker.self_describing_json.SelfDescribingJson object at 0x00000278CFAB9F40>, <snowplow_tracker.self_describing_json.SelfDescribingJson object at 0x00000278D03E2180>, <snowplow_tracker.self_describing_json.SelfDescribingJson object at 0x00000278D03E2240>]}


============================== 11:13:03.222894 | 6e8f5ef3-580f-412b-aa84-3aebf522ff56 ==============================
[0m11:13:03.222894 [info ] [MainThread]: Running with dbt=1.11.8
[0m11:13:03.222894 [debug] [MainThread]: running dbt with arguments {'static_parser': 'True', 'no_print': 'None', 'version_check': 'True', 'warn_error_options': 'WarnErrorOptionsV2(error=[], warn=[], silence=[])', 'target_path': 'None', 'printer_width': '80', 'write_json': 'True', 'empty': 'False', 'log_cache_events': 'False', 'introspect': 'True', 'cache_selected_only': 'False', 'fail_fast': 'False', 'debug': 'False', 'log_format': 'default', 'profiles_dir': 'C:\\Users\\labul\\OneDrive\\Documents\\Preparation\\Projects\\Data_Engineering\\dbt_lineage\\dbt_project', 'send_anonymous_usage_stats': 'True', 'quiet': 'False', 'warn_error': 'None', 'partial_parse': 'True', 'indirect_selection': 'eager', 'use_colors': 'True', 'invocation_command': 'dbt compile', 'use_experimental_parser': 'False', 'log_path': 'C:\\Users\\labul\\OneDrive\\Documents\\Preparation\\Projects\\Data_Engineering\\dbt_lineage\\dbt_project\\logs'}
[0m11:13:03.781180 [debug] [MainThread]: Sending event: {'category': 'dbt', 'action': 'project_id', 'label': '6e8f5ef3-580f-412b-aa84-3aebf522ff56', 'context': [<snowplow_tracker.self_describing_json.SelfDescribingJson object at 0x00000278D2667EC0>]}
[0m11:13:03.845706 [debug] [MainThread]: Sending event: {'category': 'dbt', 'action': 'adapter_info', 'label': '6e8f5ef3-580f-412b-aa84-3aebf522ff56', 'context': [<snowplow_tracker.self_describing_json.SelfDescribingJson object at 0x00000278D2194980>]}
[0m11:13:03.864172 [info ] [MainThread]: Registered adapter: duckdb=1.10.1
[0m11:13:04.259126 [debug] [MainThread]: checksum: 7d524ac048c2100769df89d592e662e060a73ca564e31bd9c2a37efdfe8d8ab6, vars: {}, profile: , target: , version: 1.11.8
[0m11:13:07.207527 [debug] [MainThread]: Partial parsing enabled: 0 files deleted, 0 files added, 0 files changed.
[0m11:13:07.210039 [debug] [MainThread]: Nothing changed, skipping partial parsing.
[0m11:13:07.211002 [debug] [MainThread]: Partial parsing enabled, no changes found, skipping parsing
[0m11:13:07.259968 [debug] [MainThread]: Sending event: {'category': 'dbt', 'action': 'load_project', 'label': '6e8f5ef3-580f-412b-aa84-3aebf522ff56', 'context': [<snowplow_tracker.self_describing_json.SelfDescribingJson object at 0x00000278D24BE390>]}
[0m11:13:07.367812 [debug] [MainThread]: Wrote artifact WritableManifest to C:\Users\labul\OneDrive\Documents\Preparation\Projects\Data_Engineering\dbt_lineage\dbt_project\target\manifest.json
[0m11:13:07.369408 [debug] [MainThread]: Wrote artifact SemanticManifest to C:\Users\labul\OneDrive\Documents\Preparation\Projects\Data_Engineering\dbt_lineage\dbt_project\target\semantic_manifest.json
[0m11:13:07.389784 [debug] [MainThread]: Sending event: {'category': 'dbt', 'action': 'resource_counts', 'label': '6e8f5ef3-580f-412b-aa84-3aebf522ff56', 'context': [<snowplow_tracker.self_describing_json.SelfDescribingJson object at 0x00000278D2956540>]}
[0m11:13:07.393171 [info ] [MainThread]: Found 13 models, 1 source, 477 macros
[0m11:13:07.393171 [debug] [MainThread]: Sending event: {'category': 'dbt', 'action': 'runnable_timing', 'label': '6e8f5ef3-580f-412b-aa84-3aebf522ff56', 'context': [<snowplow_tracker.self_describing_json.SelfDescribingJson object at 0x00000278D2B6F950>]}
[0m11:13:07.396763 [info ] [MainThread]: 
[0m11:13:07.396763 [info ] [MainThread]: Concurrency: 1 threads (target='dev')
[0m11:13:07.396763 [info ] [MainThread]: 
[0m11:13:07.401989 [debug] [MainThread]: Acquiring new duckdb connection 'master'
[0m11:13:07.409764 [debug] [ThreadPool]: Acquiring new duckdb connection 'list_dummy_main'
[0m11:13:14.368716 [debug] [ThreadPool]: Using duckdb connection "list_dummy_main"
[0m11:13:14.368716 [debug] [ThreadPool]: On list_dummy_main: BEGIN
[0m11:13:14.372690 [debug] [ThreadPool]: Opening a new connection, currently in state init
[0m11:13:14.400843 [debug] [ThreadPool]: SQL status: OK in 0.031 seconds
[0m11:13:14.400843 [debug] [ThreadPool]: Using duckdb connection "list_dummy_main"
[0m11:13:14.400843 [debug] [ThreadPool]: On list_dummy_main: /* {"app": "dbt", "dbt_version": "1.11.8", "profile_name": "dummy_profile", "target_name": "dev", "connection_name": "list_dummy_main"} */
select
      'dummy' as database,
      table_name as name,
      table_schema as schema,
      CASE table_type
        WHEN 'BASE TABLE' THEN 'table'
        WHEN 'VIEW' THEN 'view'
        WHEN 'LOCAL TEMPORARY' THEN 'table'
        END as type
    from system.information_schema.tables
    where lower(table_schema) = 'main'
    and lower(table_catalog) = 'dummy'
  
[0m11:13:14.408619 [debug] [ThreadPool]: SQL status: OK in 0.008 seconds
[0m11:13:14.416725 [debug] [ThreadPool]: On list_dummy_main: ROLLBACK
[0m11:13:14.416725 [debug] [ThreadPool]: Failed to rollback 'list_dummy_main'
[0m11:13:14.416725 [debug] [ThreadPool]: On list_dummy_main: Close
[0m11:13:14.416725 [debug] [MainThread]: Sending event: {'category': 'dbt', 'action': 'runnable_timing', 'label': '6e8f5ef3-580f-412b-aa84-3aebf522ff56', 'context': [<snowplow_tracker.self_describing_json.SelfDescribingJson object at 0x00000278D2B6CD40>]}
[0m11:13:14.422811 [debug] [Thread-1 (]: Began running node model.dummy_project.a
[0m11:13:14.422811 [debug] [Thread-1 (]: Acquiring new duckdb connection 'model.dummy_project.a'
[0m11:13:14.422811 [debug] [Thread-1 (]: Began compiling node model.dummy_project.a
[0m11:13:14.441465 [debug] [Thread-1 (]: Writing injected SQL for node "model.dummy_project.a"
[0m11:13:14.442895 [debug] [Thread-1 (]: Began executing node model.dummy_project.a
[0m11:13:14.442895 [debug] [Thread-1 (]: Finished running node model.dummy_project.a
[0m11:13:14.447150 [debug] [Thread-1 (]: Began running node model.dummy_project.level1_base
[0m11:13:14.447150 [debug] [Thread-1 (]: Re-using an available connection from the pool (formerly model.dummy_project.a, now model.dummy_project.level1_base)
[0m11:13:14.447150 [debug] [Thread-1 (]: Began compiling node model.dummy_project.level1_base
[0m11:13:14.450046 [debug] [Thread-1 (]: Writing injected SQL for node "model.dummy_project.level1_base"
[0m11:13:14.453853 [debug] [Thread-1 (]: Began executing node model.dummy_project.level1_base
[0m11:13:14.453853 [debug] [Thread-1 (]: Finished running node model.dummy_project.level1_base
[0m11:13:14.456120 [debug] [Thread-1 (]: Began running node model.dummy_project.level2_b
[0m11:13:14.456120 [debug] [Thread-1 (]: Re-using an available connection from the pool (formerly model.dummy_project.level1_base, now model.dummy_project.level2_b)
[0m11:13:14.456120 [debug] [Thread-1 (]: Began compiling node model.dummy_project.level2_b
[0m11:13:14.459723 [debug] [Thread-1 (]: Writing injected SQL for node "model.dummy_project.level2_b"
[0m11:13:14.459723 [debug] [Thread-1 (]: Began executing node model.dummy_project.level2_b
[0m11:13:14.459723 [debug] [Thread-1 (]: Finished running node model.dummy_project.level2_b
[0m11:13:14.467043 [debug] [Thread-1 (]: Began running node model.dummy_project.level3_b
[0m11:13:14.468540 [debug] [Thread-1 (]: Re-using an available connection from the pool (formerly model.dummy_project.level2_b, now model.dummy_project.level3_b)
[0m11:13:14.469371 [debug] [Thread-1 (]: Began compiling node model.dummy_project.level3_b
[0m11:13:14.469371 [debug] [Thread-1 (]: Writing injected SQL for node "model.dummy_project.level3_b"
[0m11:13:14.474855 [debug] [Thread-1 (]: Began executing node model.dummy_project.level3_b
[0m11:13:14.476429 [debug] [Thread-1 (]: Finished running node model.dummy_project.level3_b
[0m11:13:14.476429 [debug] [Thread-1 (]: Began running node model.dummy_project.level4_b
[0m11:13:14.476429 [debug] [Thread-1 (]: Re-using an available connection from the pool (formerly model.dummy_project.level3_b, now model.dummy_project.level4_b)
[0m11:13:14.476429 [debug] [Thread-1 (]: Began compiling node model.dummy_project.level4_b
[0m11:13:14.476429 [debug] [Thread-1 (]: Writing injected SQL for node "model.dummy_project.level4_b"
[0m11:13:14.483140 [debug] [Thread-1 (]: Began executing node model.dummy_project.level4_b
[0m11:13:14.483140 [debug] [Thread-1 (]: Finished running node model.dummy_project.level4_b
[0m11:13:14.483140 [debug] [Thread-1 (]: Began running node model.dummy_project.level5_b
[0m11:13:14.483140 [debug] [Thread-1 (]: Re-using an available connection from the pool (formerly model.dummy_project.level4_b, now model.dummy_project.level5_b)
[0m11:13:14.483140 [debug] [Thread-1 (]: Began compiling node model.dummy_project.level5_b
[0m11:13:14.488361 [debug] [Thread-1 (]: Writing injected SQL for node "model.dummy_project.level5_b"
[0m11:13:14.493083 [debug] [Thread-1 (]: Began executing node model.dummy_project.level5_b
[0m11:13:14.493083 [debug] [Thread-1 (]: Finished running node model.dummy_project.level5_b
[0m11:13:14.493083 [debug] [Thread-1 (]: Began running node model.dummy_project.src_level1
[0m11:13:14.493083 [debug] [Thread-1 (]: Re-using an available connection from the pool (formerly model.dummy_project.level5_b, now model.dummy_project.src_level1)
[0m11:13:14.493083 [debug] [Thread-1 (]: Began compiling node model.dummy_project.src_level1
[0m11:13:14.503619 [debug] [Thread-1 (]: Writing injected SQL for node "model.dummy_project.src_level1"
[0m11:13:14.505639 [debug] [Thread-1 (]: Began executing node model.dummy_project.src_level1
[0m11:13:14.508747 [debug] [Thread-1 (]: Finished running node model.dummy_project.src_level1
[0m11:13:14.508747 [debug] [Thread-1 (]: Began running node model.dummy_project.b
[0m11:13:14.508747 [debug] [Thread-1 (]: Re-using an available connection from the pool (formerly model.dummy_project.src_level1, now model.dummy_project.b)
[0m11:13:14.508747 [debug] [Thread-1 (]: Began compiling node model.dummy_project.b
[0m11:13:14.516328 [debug] [Thread-1 (]: Writing injected SQL for node "model.dummy_project.b"
[0m11:13:14.516328 [debug] [Thread-1 (]: Began executing node model.dummy_project.b
[0m11:13:14.516328 [debug] [Thread-1 (]: Finished running node model.dummy_project.b
[0m11:13:14.516328 [debug] [Thread-1 (]: Began running node model.dummy_project.level2_a
[0m11:13:14.516328 [debug] [Thread-1 (]: Re-using an available connection from the pool (formerly model.dummy_project.b, now model.dummy_project.level2_a)
[0m11:13:14.516328 [debug] [Thread-1 (]: Began compiling node model.dummy_project.level2_a
[0m11:13:14.524193 [debug] [Thread-1 (]: Writing injected SQL for node "model.dummy_project.level2_a"
[0m11:13:14.524193 [debug] [Thread-1 (]: Began executing node model.dummy_project.level2_a
[0m11:13:14.530952 [debug] [Thread-1 (]: Finished running node model.dummy_project.level2_a
[0m11:13:14.530952 [debug] [Thread-1 (]: Began running node model.dummy_project.level3_a
[0m11:13:14.530952 [debug] [Thread-1 (]: Re-using an available connection from the pool (formerly model.dummy_project.level2_a, now model.dummy_project.level3_a)
[0m11:13:14.530952 [debug] [Thread-1 (]: Began compiling node model.dummy_project.level3_a
[0m11:13:14.530952 [debug] [Thread-1 (]: Writing injected SQL for node "model.dummy_project.level3_a"
[0m11:13:14.540172 [debug] [Thread-1 (]: Began executing node model.dummy_project.level3_a
[0m11:13:14.540172 [debug] [Thread-1 (]: Finished running node model.dummy_project.level3_a
[0m11:13:14.540172 [debug] [Thread-1 (]: Began running node model.dummy_project.extra_branch
[0m11:13:14.540172 [debug] [Thread-1 (]: Re-using an available connection from the pool (formerly model.dummy_project.level3_a, now model.dummy_project.extra_branch)
[0m11:13:14.540172 [debug] [Thread-1 (]: Began compiling node model.dummy_project.extra_branch
[0m11:13:14.540172 [debug] [Thread-1 (]: Writing injected SQL for node "model.dummy_project.extra_branch"
[0m11:13:14.540172 [debug] [Thread-1 (]: Began executing node model.dummy_project.extra_branch
[0m11:13:14.540172 [debug] [Thread-1 (]: Finished running node model.dummy_project.extra_branch
[0m11:13:14.540172 [debug] [Thread-1 (]: Began running node model.dummy_project.level4_a
[0m11:13:14.552343 [debug] [Thread-1 (]: Re-using an available connection from the pool (formerly model.dummy_project.extra_branch, now model.dummy_project.level4_a)
[0m11:13:14.552343 [debug] [Thread-1 (]: Began compiling node model.dummy_project.level4_a
[0m11:13:14.557494 [debug] [Thread-1 (]: Writing injected SQL for node "model.dummy_project.level4_a"
[0m11:13:14.559993 [debug] [Thread-1 (]: Began executing node model.dummy_project.level4_a
[0m11:13:14.559993 [debug] [Thread-1 (]: Finished running node model.dummy_project.level4_a
[0m11:13:14.559993 [debug] [Thread-1 (]: Began running node model.dummy_project.level5_a
[0m11:13:14.564423 [debug] [Thread-1 (]: Re-using an available connection from the pool (formerly model.dummy_project.level4_a, now model.dummy_project.level5_a)
[0m11:13:14.564423 [debug] [Thread-1 (]: Began compiling node model.dummy_project.level5_a
[0m11:13:14.569844 [debug] [Thread-1 (]: Writing injected SQL for node "model.dummy_project.level5_a"
[0m11:13:14.571861 [debug] [Thread-1 (]: Began executing node model.dummy_project.level5_a
[0m11:13:14.571861 [debug] [Thread-1 (]: Finished running node model.dummy_project.level5_a
[0m11:13:14.575552 [debug] [MainThread]: Connection 'master' was properly closed.
[0m11:13:14.575552 [debug] [MainThread]: Connection 'list_dummy_main' was properly closed.
[0m11:13:14.575552 [debug] [MainThread]: Connection 'model.dummy_project.level5_a' was properly closed.
[0m11:13:14.580268 [debug] [MainThread]: Command end result
[0m11:13:14.673335 [debug] [MainThread]: Wrote artifact WritableManifest to C:\Users\labul\OneDrive\Documents\Preparation\Projects\Data_Engineering\dbt_lineage\dbt_project\target\manifest.json
[0m11:13:14.673335 [debug] [MainThread]: Wrote artifact SemanticManifest to C:\Users\labul\OneDrive\Documents\Preparation\Projects\Data_Engineering\dbt_lineage\dbt_project\target\semantic_manifest.json
[0m11:13:14.690507 [debug] [MainThread]: Wrote artifact RunExecutionResult to C:\Users\labul\OneDrive\Documents\Preparation\Projects\Data_Engineering\dbt_lineage\dbt_project\target\run_results.json
[0m11:13:14.697688 [debug] [MainThread]: Command `dbt compile` succeeded at 11:13:14.697688 after 11.75 seconds
[0m11:13:14.697688 [debug] [MainThread]: Sending event: {'category': 'dbt', 'action': 'invocation', 'label': 'end', 'context': [<snowplow_tracker.self_describing_json.SelfDescribingJson object at 0x00000278D03FF500>, <snowplow_tracker.self_describing_json.SelfDescribingJson object at 0x00000278CDF60C20>, <snowplow_tracker.self_describing_json.SelfDescribingJson object at 0x00000278D2DA6780>]}
[0m11:13:14.697688 [debug] [MainThread]: Flushing usage events
[0m11:13:16.232850 [debug] [MainThread]: An error was encountered while trying to flush usage events
